** SIEGE 4.1.7
** Preparing 40 concurrent users for battle.
The server is now under siege...
[0;34mHTTP/1.1 200     3.83 secs:     364 bytes ==> POST http://localhost:5237/checkin/v1/journeys/retrieve[0m
[0;34mHTTP/1.1 200     3.84 secs:     364 bytes ==> POST http://localhost:5237/checkin/v1/journeys/retrieve[0m
[0;34mHTTP/1.1 200     3.87 secs:     364 bytes ==> POST http://localhost:5237/checkin/v1/journeys/retrieve[0m
[0;34mHTTP/1.1 200     3.88 secs:     364 bytes ==> POST http://localhost:5237/checkin/v1/journeys/retrieve[0m
[0;34mHTTP/1.1 200     3.88 secs:     364 bytes ==> POST http://localhost:5237/checkin/v1/journeys/retrieve[0m
[0;34mHTTP/1.1 200     3.90 secs:     364 bytes ==> POST http://localhost:5237/checkin/v1/journeys/retrieve[0m
[0;34mHTTP/1.1 200     3.90 secs:     364 bytes ==> POST http://localhost:5237/checkin/v1/journeys/retrieve[0m
[0;34mHTTP/1.1 200     3.90 secs:     364 bytes ==> POST http://localhost:5237/checkin/v1/journeys/retrieve[0m
[0;34mHTTP/1.1 200     3.90 secs:     364 bytes ==> POST http://localhost:5237/checkin/v1/journeys/retrieve[0m
[0;34mHTTP/1.1 200     3.91 secs:     364 bytes ==> POST http://localhost:5237/checkin/v1/journeys/retrieve[0m
[0;34mHTTP/1.1 200     3.91 secs:     364 bytes ==> POST http://localhost:5237/checkin/v1/journeys/retrieve[0m
[0;34mHTTP/1.1 200     3.91 secs:     364 bytes ==> POST http://localhost:5237/checkin/v1/journeys/retrieve[0m
[0;34mHTTP/1.1 200     3.93 secs:     364 bytes ==> POST http://localhost:5237/checkin/v1/journeys/retrieve[0m
[0;34mHTTP/1.1 200     3.94 secs:     364 bytes ==> POST http://localhost:5237/checkin/v1/journeys/retrieve[0m
[0;34mHTTP/1.1 200     3.94 secs:     364 bytes ==> POST http://localhost:5237/checkin/v1/journeys/retrieve[0m
[0;34mHTTP/1.1 200     3.95 secs:     364 bytes ==> POST http://localhost:5237/checkin/v1/journeys/retrieve[0m
[0;34mHTTP/1.1 200     3.95 secs:     364 bytes ==> POST http://localhost:5237/checkin/v1/journeys/retrieve[0m
[0;34mHTTP/1.1 200     4.01 secs:     364 bytes ==> POST http://localhost:5237/checkin/v1/journeys/retrieve[0m
[0;34mHTTP/1.1 200     4.01 secs:     364 bytes ==> POST http://localhost:5237/checkin/v1/journeys/retrieve[0m
[0;34mHTTP/1.1 200     4.02 secs:     364 bytes ==> POST http://localhost:5237/checkin/v1/journeys/retrieve[0m
[0;34mHTTP/1.1 200     4.02 secs:     364 bytes ==> POST http://localhost:5237/checkin/v1/journeys/retrieve[0m
[0;34mHTTP/1.1 200     4.02 secs:     364 bytes ==> POST http://localhost:5237/checkin/v1/journeys/retrieve[0m
[0;34mHTTP/1.1 200     4.07 secs:     364 bytes ==> POST http://localhost:5237/checkin/v1/journeys/retrieve[0m
[0;34mHTTP/1.1 200     4.07 secs:     364 bytes ==> POST http://localhost:5237/checkin/v1/journeys/retrieve[0m
[0;34mHTTP/1.1 200     4.15 secs:     364 bytes ==> POST http://localhost:5237/checkin/v1/journeys/retrieve[0m
[0;34mHTTP/1.1 200     4.19 secs:     364 bytes ==> POST http://localhost:5237/checkin/v1/journeys/retrieve[0m
[0;34mHTTP/1.1 200     0.31 secs:     688 bytes ==> POST http://localhost:5237/checkin/v1/journeys/retrieve[0m
[0;34mHTTP/1.1 200     0.34 secs:     688 bytes ==> POST http://localhost:5237/checkin/v1/journeys/retrieve[0m
[0;34mHTTP/1.1 200     0.36 secs:     688 bytes ==> POST http://localhost:5237/checkin/v1/journeys/retrieve[0m
[0;34mHTTP/1.1 200     4.27 secs:     364 bytes ==> POST http://localhost:5237/checkin/v1/journeys/retrieve[0m
[0;34mHTTP/1.1 200     0.41 secs:     688 bytes ==> POST http://localhost:5237/checkin/v1/journeys/retrieve[0m
[0;34mHTTP/1.1 200     4.34 secs:     364 bytes ==> POST http://localhost:5237/checkin/v1/journeys/retrieve[0m
[0;34mHTTP/1.1 200     0.41 secs:     688 bytes ==> POST http://localhost:5237/checkin/v1/journeys/retrieve[0m
[0;34mHTTP/1.1 200     0.42 secs:     688 bytes ==> POST http://localhost:5237/checkin/v1/journeys/retrieve[0m
[0;34mHTTP/1.1 200     0.36 secs:     688 bytes ==> POST http://localhost:5237/checkin/v1/journeys/retrieve[0m
[0;34mHTTP/1.1 200     0.37 secs:     688 bytes ==> POST http://localhost:5237/checkin/v1/journeys/retrieve[0m
[0;34mHTTP/1.1 200     4.47 secs:     364 bytes ==> POST http://localhost:5237/checkin/v1/journeys/retrieve[0m
[0;34mHTTP/1.1 200     0.34 secs:     688 bytes ==> POST http://localhost:5237/checkin/v1/journeys/retrieve[0m
[0;34mHTTP/1.1 200     0.33 secs:     688 bytes ==> POST http://localhost:5237/checkin/v1/journeys/retrieve[0m
[0;34mHTTP/1.1 200     4.56 secs:     364 bytes ==> POST http://localhost:5237/checkin/v1/journeys/retrieve[0m
[0;34mHTTP/1.1 200     0.34 secs:     440 bytes ==> POST http://localhost:5237/checkin/v1/journeys/retrieve[0m
[0;34mHTTP/1.1 200     0.74 secs:     688 bytes ==> POST http://localhost:5237/checkin/v1/journeys/retrieve[0m
[0;34mHTTP/1.1 200     0.42 secs:     688 bytes ==> POST http://localhost:5237/checkin/v1/journeys/retrieve[0m
[0;34mHTTP/1.1 200     0.78 secs:     688 bytes ==> POST http://localhost:5237/checkin/v1/journeys/retrieve[0m
[0;34mHTTP/1.1 200     0.35 secs:     440 bytes ==> POST http://localhost:5237/checkin/v1/journeys/retrieve[0m
[0;34mHTTP/1.1 200     0.83 secs:     688 bytes ==> POST http://localhost:5237/checkin/v1/journeys/retrieve[0m
[0;34mHTTP/1.1 200     0.82 secs:     688 bytes ==> POST http://localhost:5237/checkin/v1/journeys/retrieve[0m
[0;34mHTTP/1.1 200     0.77 secs:     688 bytes ==> POST http://localhost:5237/checkin/v1/journeys/retrieve[0m
[0;34mHTTP/1.1 200     0.32 secs:     688 bytes ==> POST http://localhost:5237/checkin/v1/journeys/retrieve[0m
[0;34mHTTP/1.1 200     4.95 secs:     364 bytes ==> POST http://localhost:5237/checkin/v1/journeys/retrieve[0m
[0;34mHTTP/1.1 200     0.39 secs:     440 bytes ==> POST http://localhost:5237/checkin/v1/journeys/retrieve[0m
[0;34mHTTP/1.1 200     0.33 secs:     440 bytes ==> POST http://localhost:5237/checkin/v1/journeys/retrieve[0m
[0;34mHTTP/1.1 200     0.31 secs:     364 bytes ==> POST http://localhost:5237/checkin/v1/journeys/retrieve[0m
[0;34mHTTP/1.1 200     0.81 secs:     440 bytes ==> POST http://localhost:5237/checkin/v1/journeys/retrieve[0m
[0;34mHTTP/1.1 200     5.13 secs:     364 bytes ==> POST http://localhost:5237/checkin/v1/journeys/retrieve[0m
[0;34mHTTP/1.1 200     0.82 secs:     440 bytes ==> POST http://localhost:5237/checkin/v1/journeys/retrieve[0m
[0;34mHTTP/1.1 200     0.37 secs:     440 bytes ==> POST http://localhost:5237/checkin/v1/journeys/retrieve[0m
[0;34mHTTP/1.1 200     0.43 secs:     440 bytes ==> POST http://localhost:5237/checkin/v1/journeys/retrieve[0m
[0;34mHTTP/1.1 200     0.81 secs:     688 bytes ==> POST http://localhost:5237/checkin/v1/journeys/retrieve[0m
[0;34mHTTP/1.1 200     1.29 secs:     688 bytes ==> POST http://localhost:5237/checkin/v1/journeys/retrieve[0m
[0;34mHTTP/1.1 200     1.39 secs:     688 bytes ==> POST http://localhost:5237/checkin/v1/journeys/retrieve[0m
[0;34mHTTP/1.1 200     1.20 secs:     440 bytes ==> POST http://localhost:5237/checkin/v1/journeys/retrieve[0m
[0;34mHTTP/1.1 200     0.41 secs:     364 bytes ==> POST http://localhost:5237/checkin/v1/journeys/retrieve[0m
[0;34mHTTP/1.1 200     0.35 secs:     364 bytes ==> POST http://localhost:5237/checkin/v1/journeys/retrieve[0m
[0;34mHTTP/1.1 200     5.46 secs:     364 bytes ==> POST http://localhost:5237/checkin/v1/journeys/retrieve[0m
[0;34mHTTP/1.1 200     0.33 secs:     688 bytes ==> POST http://localhost:5237/checkin/v1/journeys/retrieve[0m
[0;34mHTTP/1.1 200     5.46 secs:     364 bytes ==> POST http://localhost:5237/checkin/v1/journeys/retrieve[0m
[0;31mHTTP/1.1 500     5.52 secs:     150 bytes ==> POST http://localhost:5237/checkin/v1/journeys/retrieve[0m
[0;31mHTTP/1.1 500     5.53 secs:     150 bytes ==> POST http://localhost:5237/checkin/v1/journeys/retrieve[0m
[0;34mHTTP/1.1 200     5.54 secs:     364 bytes ==> POST http://localhost:5237/checkin/v1/journeys/retrieve[0m
[0;31mHTTP/1.1 500     5.54 secs:     150 bytes ==> POST http://localhost:5237/checkin/v1/journeys/retrieve[0m
[0;31mHTTP/1.1 500     5.55 secs:     150 bytes ==> POST http://localhost:5237/checkin/v1/journeys/retrieve[0m
[0;34mHTTP/1.1 200     0.79 secs:     440 bytes ==> POST http://localhost:5237/checkin/v1/journeys/retrieve[0m
[0;34mHTTP/1.1 200     5.59 secs:     364 bytes ==> POST http://localhost:5237/checkin/v1/journeys/retrieve[0m
[0;34mHTTP/1.1 200     1.74 secs:     688 bytes ==> POST http://localhost:5237/checkin/v1/journeys/retrieve[0m
[0;31mHTTP/1.1 500     1.79 secs:     150 bytes ==> POST http://localhost:5237/checkin/v1/journeys/retrieve[0m
[0;31mHTTP/1.1 500     1.79 secs:     150 bytes ==> POST http://localhost:5237/checkin/v1/journeys/retrieve[0m
[0;34mHTTP/1.1 200     0.70 secs:     688 bytes ==> POST http://localhost:5237/checkin/v1/journeys/retrieve[0m
[0;34mHTTP/1.1 200     0.25 secs:     364 bytes ==> POST http://localhost:5237/checkin/v1/journeys/retrieve[0m
[0;31mHTTP/1.1 500     1.78 secs:     150 bytes ==> POST http://localhost:5237/checkin/v1/journeys/retrieve[0m
[0;34mHTTP/1.1 200     1.86 secs:     688 bytes ==> POST http://localhost:5237/checkin/v1/journeys/retrieve[0m
[0;34mHTTP/1.1 200     1.85 secs:     688 bytes ==> POST http://localhost:5237/checkin/v1/journeys/retrieve[0m
[0;31mHTTP/1.1 500     1.80 secs:     150 bytes ==> POST http://localhost:5237/checkin/v1/journeys/retrieve[0m
[0;34mHTTP/1.1 200     1.91 secs:     688 bytes ==> POST http://localhost:5237/checkin/v1/journeys/retrieve[0m
[0;34mHTTP/1.1 200     0.79 secs:     364 bytes ==> POST http://localhost:5237/checkin/v1/journeys/retrieve[0m
[0;34mHTTP/1.1 200     0.31 secs:     688 bytes ==> POST http://localhost:5237/checkin/v1/journeys/retrieve[0m
[0;34mHTTP/1.1 200     0.32 secs:     688 bytes ==> POST http://localhost:5237/checkin/v1/journeys/retrieve[0m
[0;34mHTTP/1.1 200     0.40 secs:     688 bytes ==> POST http://localhost:5237/checkin/v1/journeys/retrieve[0m
[0;34mHTTP/1.1 200     1.96 secs:     688 bytes ==> POST http://localhost:5237/checkin/v1/journeys/retrieve[0m
[0;34mHTTP/1.1 200     0.43 secs:     440 bytes ==> POST http://localhost:5237/checkin/v1/journeys/retrieve[0m
[0;34mHTTP/1.1 200     0.35 secs:     440 bytes ==> POST http://localhost:5237/checkin/v1/journeys/retrieve[0m
[0;34mHTTP/1.1 200     1.79 secs:     440 bytes ==> POST http://localhost:5237/checkin/v1/journeys/retrieve[0m
[0;34mHTTP/1.1 200     1.24 secs:     440 bytes ==> POST http://localhost:5237/checkin/v1/journeys/retrieve[0m
[0;34mHTTP/1.1 200     0.88 secs:     440 bytes ==> POST http://localhost:5237/checkin/v1/journeys/retrieve[0m
[0;31mHTTP/1.1 500     1.91 secs:     150 bytes ==> POST http://localhost:5237/checkin/v1/journeys/retrieve[0m
[0;34mHTTP/1.1 200     0.89 secs:     364 bytes ==> POST http://localhost:5237/checkin/v1/journeys/retrieve[0m
[0;31mHTTP/1.1 500     1.92 secs:     150 bytes ==> POST http://localhost:5237/checkin/v1/journeys/retrieve[0m
[0;31mHTTP/1.1 500     1.82 secs:     150 bytes ==> POST http://localhost:5237/checkin/v1/journeys/retrieve[0m
[0;34mHTTP/1.1 200     1.33 secs:     364 bytes ==> POST http://localhost:5237/checkin/v1/journeys/retrieve[0m
[0;31mHTTP/1.1 500     1.93 secs:     150 bytes ==> POST http://localhost:5237/checkin/v1/journeys/retrieve[0m
[0;34mHTTP/1.1 200     1.90 secs:     440 bytes ==> POST http://localhost:5237/checkin/v1/journeys/retrieve[0m
[0;34mHTTP/1.1 200     0.43 secs:     364 bytes ==> POST http://localhost:5237/checkin/v1/journeys/retrieve[0m
[0;31mHTTP/1.1 500     1.82 secs:     150 bytes ==> POST http://localhost:5237/checkin/v1/journeys/retrieve[0m
[0;34mHTTP/1.1 200     1.25 secs:     364 bytes ==> POST http://localhost:5237/checkin/v1/journeys/retrieve[0m
[0;34mHTTP/1.1 200     1.24 secs:     440 bytes ==> POST http://localhost:5237/checkin/v1/journeys/retrieve[0m
[0;34mHTTP/1.1 200     0.86 secs:     440 bytes ==> POST http://localhost:5237/checkin/v1/journeys/retrieve[0m
[0;31mHTTP/1.1 500     2.03 secs:     150 bytes ==> POST http://localhost:5237/checkin/v1/journeys/retrieve[0m
[0;34mHTTP/1.1 200     0.40 secs:     440 bytes ==> POST http://localhost:5237/checkin/v1/journeys/retrieve[0m
[0;34mHTTP/1.1 200     0.39 secs:     364 bytes ==> POST http://localhost:5237/checkin/v1/journeys/retrieve[0m
[0;34mHTTP/1.1 200     1.37 secs:     364 bytes ==> POST http://localhost:5237/checkin/v1/journeys/retrieve[0m
[0;34mHTTP/1.1 200     0.43 secs:     364 bytes ==> POST http://localhost:5237/checkin/v1/journeys/retrieve[0m
[0;34mHTTP/1.1 200     1.42 secs:     364 bytes ==> POST http://localhost:5237/checkin/v1/journeys/retrieve[0m
[0;34mHTTP/1.1 200     1.44 secs:     688 bytes ==> POST http://localhost:5237/checkin/v1/journeys/retrieve[0m
[0;34mHTTP/1.1 200     1.40 secs:     440 bytes ==> POST http://localhost:5237/checkin/v1/journeys/retrieve[0m
[0;34mHTTP/1.1 200     0.95 secs:     364 bytes ==> POST http://localhost:5237/checkin/v1/journeys/retrieve[0m
[0;34mHTTP/1.1 200     0.90 secs:     364 bytes ==> POST http://localhost:5237/checkin/v1/journeys/retrieve[0m
[0;34mHTTP/1.1 200     1.03 secs:     364 bytes ==> POST http://localhost:5237/checkin/v1/journeys/retrieve[0m
[0;31mHTTP/1.1 500     1.96 secs:     150 bytes ==> POST http://localhost:5237/checkin/v1/journeys/retrieve[0m
[0;34mHTTP/1.1 200     0.84 secs:     364 bytes ==> POST http://localhost:5237/checkin/v1/journeys/retrieve[0m
[0;34mHTTP/1.1 200     0.87 secs:     364 bytes ==> POST http://localhost:5237/checkin/v1/journeys/retrieve[0m
[0;34mHTTP/1.1 200     0.42 secs:     364 bytes ==> POST http://localhost:5237/checkin/v1/journeys/retrieve[0m
[0;34mHTTP/1.1 200     2.04 secs:     364 bytes ==> POST http://localhost:5237/checkin/v1/journeys/retrieve[0m
[0;34mHTTP/1.1 200     0.88 secs:     364 bytes ==> POST http://localhost:5237/checkin/v1/journeys/retrieve[0m
[0;31mHTTP/1.1 500     2.00 secs:     150 bytes ==> POST http://localhost:5237/checkin/v1/journeys/retrieve[0m
[0;34mHTTP/1.1 200     0.96 secs:     364 bytes ==> POST http://localhost:5237/checkin/v1/journeys/retrieve[0m
[0;31mHTTP/1.1 500     1.86 secs:     150 bytes ==> POST http://localhost:5237/checkin/v1/journeys/retrieve[0m
[0;34mHTTP/1.1 200     1.52 secs:     440 bytes ==> POST http://localhost:5237/checkin/v1/journeys/retrieve[0m
[0;34mHTTP/1.1 200     1.40 secs:     440 bytes ==> POST http://localhost:5237/checkin/v1/journeys/retrieve[0m
[0;31mHTTP/1.1 500     1.96 secs:     150 bytes ==> POST http://localhost:5237/checkin/v1/journeys/retrieve[0m
[0;31mHTTP/1.1 500     1.90 secs:     150 bytes ==> POST http://localhost:5237/checkin/v1/journeys/retrieve[0m
[0;34mHTTP/1.1 200     0.88 secs:     364 bytes ==> POST http://localhost:5237/checkin/v1/journeys/retrieve[0m
[0;34mHTTP/1.1 200     0.44 secs:     364 bytes ==> POST http://localhost:5237/checkin/v1/journeys/retrieve[0m
[0;34mHTTP/1.1 200     0.92 secs:     364 bytes ==> POST http://localhost:5237/checkin/v1/journeys/retrieve[0m
[0;34mHTTP/1.1 200     1.43 secs:     364 bytes ==> POST http://localhost:5237/checkin/v1/journeys/retrieve[0m
[0;34mHTTP/1.1 200     0.33 secs:     364 bytes ==> POST http://localhost:5237/checkin/v1/journeys/retrieve[0m
[0;34mHTTP/1.1 200     0.35 secs:     364 bytes ==> POST http://localhost:5237/checkin/v1/journeys/retrieve[0m
[0;31mHTTP/1.1 500     2.03 secs:     150 bytes ==> POST http://localhost:5237/checkin/v1/journeys/retrieve[0m
[0;31mHTTP/1.1 500     2.17 secs:     150 bytes ==> POST http://localhost:5237/checkin/v1/journeys/retrieve[0m
[0;31mHTTP/1.1 500     1.99 secs:     150 bytes ==> POST http://localhost:5237/checkin/v1/journeys/retrieve[0m
[0;31mHTTP/1.1 500     2.03 secs:     150 bytes ==> POST http://localhost:5237/checkin/v1/journeys/retrieve[0m
[0;34mHTTP/1.1 200     0.49 secs:     364 bytes ==> POST http://localhost:5237/checkin/v1/journeys/retrieve[0m
[0;34mHTTP/1.1 200     0.74 secs:     364 bytes ==> POST http://localhost:5237/checkin/v1/journeys/retrieve[0m
[0;31mHTTP/1.1 500     2.01 secs:     150 bytes ==> POST http://localhost:5237/checkin/v1/journeys/retrieve[0m
[0;34mHTTP/1.1 200     0.33 secs:     440 bytes ==> POST http://localhost:5237/checkin/v1/journeys/retrieve[0m
[0;31mHTTP/1.1 500     2.11 secs:     150 bytes ==> POST http://localhost:5237/checkin/v1/journeys/retrieve[0m
[0;34mHTTP/1.1 200     0.37 secs:     364 bytes ==> POST http://localhost:5237/checkin/v1/journeys/retrieve[0m
[0;31mHTTP/1.1 500     1.98 secs:     150 bytes ==> POST http://localhost:5237/checkin/v1/journeys/retrieve[0m
[0;34mHTTP/1.1 200     2.01 secs:     440 bytes ==> POST http://localhost:5237/checkin/v1/journeys/retrieve[0m
[0;34mHTTP/1.1 200     1.99 secs:     440 bytes ==> POST http://localhost:5237/checkin/v1/journeys/retrieve[0m
[0;31mHTTP/1.1 500     2.01 secs:     150 bytes ==> POST http://localhost:5237/checkin/v1/journeys/retrieve[0m
[0;34mHTTP/1.1 200     1.94 secs:     440 bytes ==> POST http://localhost:5237/checkin/v1/journeys/retrieve[0m
[0;34mHTTP/1.1 200     0.76 secs:     364 bytes ==> POST http://localhost:5237/checkin/v1/journeys/retrieve[0m
[0;34mHTTP/1.1 200     0.28 secs:     440 bytes ==> POST http://localhost:5237/checkin/v1/journeys/retrieve[0m
[0;34mHTTP/1.1 200     1.42 secs:     364 bytes ==> POST http://localhost:5237/checkin/v1/journeys/retrieve[0m
[0;34mHTTP/1.1 200     0.33 secs:     364 bytes ==> POST http://localhost:5237/checkin/v1/journeys/retrieve[0m
[0;34mHTTP/1.1 200     0.30 secs:     364 bytes ==> POST http://localhost:5237/checkin/v1/journeys/retrieve[0m
[0;34mHTTP/1.1 200     0.81 secs:     364 bytes ==> POST http://localhost:5237/checkin/v1/journeys/retrieve[0m
[0;34mHTTP/1.1 200     0.29 secs:     364 bytes ==> POST http://localhost:5237/checkin/v1/journeys/retrieve[0m
[0;34mHTTP/1.1 200     0.75 secs:     364 bytes ==> POST http://localhost:5237/checkin/v1/journeys/retrieve[0m
[0;34mHTTP/1.1 200     0.36 secs:     364 bytes ==> POST http://localhost:5237/checkin/v1/journeys/retrieve[0m
[0;34mHTTP/1.1 200     0.37 secs:     364 bytes ==> POST http://localhost:5237/checkin/v1/journeys/retrieve[0m
[0;34mHTTP/1.1 200     0.80 secs:     364 bytes ==> POST http://localhost:5237/checkin/v1/journeys/retrieve[0m
[0;34mHTTP/1.1 200     1.87 secs:     364 bytes ==> POST http://localhost:5237/checkin/v1/journeys/retrieve[0m
[0;34mHTTP/1.1 200     0.83 secs:     364 bytes ==> POST http://localhost:5237/checkin/v1/journeys/retrieve[0m
[0;34mHTTP/1.1 200     0.40 secs:     364 bytes ==> POST http://localhost:5237/checkin/v1/journeys/retrieve[0m
[0;34mHTTP/1.1 200     0.74 secs:     364 bytes ==> POST http://localhost:5237/checkin/v1/journeys/retrieve[0m
[0;34mHTTP/1.1 200     0.32 secs:     364 bytes ==> POST http://localhost:5237/checkin/v1/journeys/retrieve[0m
[0;34mHTTP/1.1 200     0.34 secs:     364 bytes ==> POST http://localhost:5237/checkin/v1/journeys/retrieve[0m
[0;34mHTTP/1.1 200     1.28 secs:     364 bytes ==> POST http://localhost:5237/checkin/v1/journeys/retrieve[0m
[0;31mHTTP/1.1 500     1.90 secs:     150 bytes ==> POST http://localhost:5237/checkin/v1/journeys/retrieve[0m
[0;34mHTTP/1.1 200     0.35 secs:     364 bytes ==> POST http://localhost:5237/checkin/v1/journeys/retrieve[0m
[0;31mHTTP/1.1 500     1.93 secs:     150 bytes ==> POST http://localhost:5237/checkin/v1/journeys/retrieve[0m
[0;34mHTTP/1.1 200     0.85 secs:     364 bytes ==> POST http://localhost:5237/checkin/v1/journeys/retrieve[0m
[0;34mHTTP/1.1 200     1.24 secs:     364 bytes ==> POST http://localhost:5237/checkin/v1/journeys/retrieve[0m
[0;31mHTTP/1.1 500     1.99 secs:     150 bytes ==> POST http://localhost:5237/checkin/v1/journeys/retrieve[0m
[0;31mHTTP/1.1 500     2.04 secs:     150 bytes ==> POST http://localhost:5237/checkin/v1/journeys/retrieve[0m
[0;34mHTTP/1.1 200     0.86 secs:     364 bytes ==> POST http://localhost:5237/checkin/v1/journeys/retrieve[0m
[0;34mHTTP/1.1 200     0.44 secs:     364 bytes ==> POST http://localhost:5237/checkin/v1/journeys/retrieve[0m
[0;31mHTTP/1.1 500     1.91 secs:     150 bytes ==> POST http://localhost:5237/checkin/v1/journeys/retrieve[0m
[0;34mHTTP/1.1 200     0.91 secs:     364 bytes ==> POST http://localhost:5237/checkin/v1/journeys/retrieve[0m
[0;34mHTTP/1.1 200     1.23 secs:     440 bytes ==> POST http://localhost:5237/checkin/v1/journeys/retrieve[0m
[0;34mHTTP/1.1 200     0.79 secs:     364 bytes ==> POST http://localhost:5237/checkin/v1/journeys/retrieve[0m
[0;34mHTTP/1.1 200     1.28 secs:     364 bytes ==> POST http://localhost:5237/checkin/v1/journeys/retrieve[0m
[0;31mHTTP/1.1 500     1.95 secs:     150 bytes ==> POST http://localhost:5237/checkin/v1/journeys/retrieve[0m
[0;34mHTTP/1.1 200     1.82 secs:     364 bytes ==> POST http://localhost:5237/checkin/v1/journeys/retrieve[0m
[0;34mHTTP/1.1 200     0.37 secs:     364 bytes ==> POST http://localhost:5237/checkin/v1/journeys/retrieve[0m
[0;31mHTTP/1.1 500     1.93 secs:     150 bytes ==> POST http://localhost:5237/checkin/v1/journeys/retrieve[0m
[0;31mHTTP/1.1 500     1.92 secs:     150 bytes ==> POST http://localhost:5237/checkin/v1/journeys/retrieve[0m
[0;34mHTTP/1.1 200     0.87 secs:     364 bytes ==> POST http://localhost:5237/checkin/v1/journeys/retrieve[0m
[0;34mHTTP/1.1 200     0.46 secs:     364 bytes ==> POST http://localhost:5237/checkin/v1/journeys/retrieve[0m
[0;31mHTTP/1.1 500     1.88 secs:     150 bytes ==> POST http://localhost:5237/checkin/v1/journeys/retrieve[0m
[0;34mHTTP/1.1 200     1.92 secs:     364 bytes ==> POST http://localhost:5237/checkin/v1/journeys/retrieve[0m
[0;34mHTTP/1.1 200     1.38 secs:     364 bytes ==> POST http://localhost:5237/checkin/v1/journeys/retrieve[0m
[0;34mHTTP/1.1 200     0.95 secs:     364 bytes ==> POST http://localhost:5237/checkin/v1/journeys/retrieve[0m
[0;34mHTTP/1.1 200     2.03 secs:     440 bytes ==> POST http://localhost:5237/checkin/v1/journeys/retrieve[0m
[0;34mHTTP/1.1 200     0.42 secs:     364 bytes ==> POST http://localhost:5237/checkin/v1/journeys/retrieve[0m
[0;34mHTTP/1.1 200     0.40 secs:     364 bytes ==> POST http://localhost:5237/checkin/v1/journeys/retrieve[0m
[0;31mHTTP/1.1 500     1.95 secs:     150 bytes ==> POST http://localhost:5237/checkin/v1/journeys/retrieve[0m
[0;34mHTTP/1.1 200     0.81 secs:     364 bytes ==> POST http://localhost:5237/checkin/v1/journeys/retrieve[0m
[0;31mHTTP/1.1 500     1.98 secs:     150 bytes ==> POST http://localhost:5237/checkin/v1/journeys/retrieve[0m
[0;34mHTTP/1.1 200     1.87 secs:     364 bytes ==> POST http://localhost:5237/checkin/v1/journeys/retrieve[0m
[0;31mHTTP/1.1 500     1.83 secs:     150 bytes ==> POST http://localhost:5237/checkin/v1/journeys/retrieve[0m
[0;31mHTTP/1.1 500     1.77 secs:     150 bytes ==> POST http://localhost:5237/checkin/v1/journeys/retrieve[0m
[0;34mHTTP/1.1 200     0.38 secs:     364 bytes ==> POST http://localhost:5237/checkin/v1/journeys/retrieve[0m
[0;34mHTTP/1.1 200     0.89 secs:     364 bytes ==> POST http://localhost:5237/checkin/v1/journeys/retrieve[0m
[0;31mHTTP/1.1 500     1.81 secs:     150 bytes ==> POST http://localhost:5237/checkin/v1/journeys/retrieve[0m
[0;34mHTTP/1.1 200     0.84 secs:     364 bytes ==> POST http://localhost:5237/checkin/v1/journeys/retrieve[0m
[0;34mHTTP/1.1 200     1.84 secs:     364 bytes ==> POST http://localhost:5237/checkin/v1/journeys/retrieve[0m
[0;34mHTTP/1.1 200     0.77 secs:     364 bytes ==> POST http://localhost:5237/checkin/v1/journeys/retrieve[0m
[0;34mHTTP/1.1 200     1.93 secs:     364 bytes ==> POST http://localhost:5237/checkin/v1/journeys/retrieve[0m
[0;34mHTTP/1.1 200     0.85 secs:     364 bytes ==> POST http://localhost:5237/checkin/v1/journeys/retrieve[0m
[0;34mHTTP/1.1 200     0.81 secs:     364 bytes ==> POST http://localhost:5237/checkin/v1/journeys/retrieve[0m
[0;34mHTTP/1.1 200     0.32 secs:     364 bytes ==> POST http://localhost:5237/checkin/v1/journeys/retrieve[0m
[0;34mHTTP/1.1 200     0.35 secs:     364 bytes ==> POST http://localhost:5237/checkin/v1/journeys/retrieve[0m
[0;34mHTTP/1.1 200     0.33 secs:     364 bytes ==> POST http://localhost:5237/checkin/v1/journeys/retrieve[0m
[0;34mHTTP/1.1 200     1.41 secs:     364 bytes ==> POST http://localhost:5237/checkin/v1/journeys/retrieve[0m
[0;31mHTTP/1.1 500     1.99 secs:     150 bytes ==> POST http://localhost:5237/checkin/v1/journeys/retrieve[0m
[0;34mHTTP/1.1 200     0.33 secs:     364 bytes ==> POST http://localhost:5237/checkin/v1/journeys/retrieve[0m
[0;34mHTTP/1.1 200     1.97 secs:     364 bytes ==> POST http://localhost:5237/checkin/v1/journeys/retrieve[0m
[0;34mHTTP/1.1 200     1.51 secs:     364 bytes ==> POST http://localhost:5237/checkin/v1/journeys/retrieve[0m
[0;34mHTTP/1.1 200     0.48 secs:     364 bytes ==> POST http://localhost:5237/checkin/v1/journeys/retrieve[0m
[0;34mHTTP/1.1 200     0.39 secs:     364 bytes ==> POST http://localhost:5237/checkin/v1/journeys/retrieve[0m
[0;34mHTTP/1.1 200     1.50 secs:     364 bytes ==> POST http://localhost:5237/checkin/v1/journeys/retrieve[0m
[0;31mHTTP/1.1 500     1.89 secs:     150 bytes ==> POST http://localhost:5237/checkin/v1/journeys/retrieve[0m
[0;34mHTTP/1.1 200     1.43 secs:     364 bytes ==> POST http://localhost:5237/checkin/v1/journeys/retrieve[0m
[0;31mHTTP/1.1 500     1.99 secs:     150 bytes ==> POST http://localhost:5237/checkin/v1/journeys/retrieve[0m
[0;34mHTTP/1.1 200     1.39 secs:     364 bytes ==> POST http://localhost:5237/checkin/v1/journeys/retrieve[0m
[0;34mHTTP/1.1 200     0.87 secs:     364 bytes ==> POST http://localhost:5237/checkin/v1/journeys/retrieve[0m
[0;31mHTTP/1.1 500     2.11 secs:     150 bytes ==> POST http://localhost:5237/checkin/v1/journeys/retrieve[0m
[0;34mHTTP/1.1 200     2.12 secs:     364 bytes ==> POST http://localhost:5237/checkin/v1/journeys/retrieve[0m
[0;34mHTTP/1.1 200     2.08 secs:     364 bytes ==> POST http://localhost:5237/checkin/v1/journeys/retrieve[0m
[0;31mHTTP/1.1 500     1.96 secs:     150 bytes ==> POST http://localhost:5237/checkin/v1/journeys/retrieve[0m
[0;31mHTTP/1.1 500     2.05 secs:     150 bytes ==> POST http://localhost:5237/checkin/v1/journeys/retrieve[0m
[0;34mHTTP/1.1 200     0.51 secs:     364 bytes ==> POST http://localhost:5237/checkin/v1/journeys/retrieve[0m
[0;34mHTTP/1.1 200     0.91 secs:     364 bytes ==> POST http://localhost:5237/checkin/v1/journeys/retrieve[0m
[0;34mHTTP/1.1 200     0.41 secs:     364 bytes ==> POST http://localhost:5237/checkin/v1/journeys/retrieve[0m
[0;34mHTTP/1.1 200     0.38 secs:     364 bytes ==> POST http://localhost:5237/checkin/v1/journeys/retrieve[0m
[0;31mHTTP/1.1 500     2.18 secs:     150 bytes ==> POST http://localhost:5237/checkin/v1/journeys/retrieve[0m
[0;34mHTTP/1.1 200     0.37 secs:     364 bytes ==> POST http://localhost:5237/checkin/v1/journeys/retrieve[0m
[0;34mHTTP/1.1 200     0.93 secs:     364 bytes ==> POST http://localhost:5237/checkin/v1/journeys/retrieve[0m
[0;34mHTTP/1.1 200     1.00 secs:     364 bytes ==> POST http://localhost:5237/checkin/v1/journeys/retrieve[0m
[0;34mHTTP/1.1 200     1.37 secs:     364 bytes ==> POST http://localhost:5237/checkin/v1/journeys/retrieve[0m
[0;34mHTTP/1.1 200     0.45 secs:     364 bytes ==> POST http://localhost:5237/checkin/v1/journeys/retrieve[0m
[0;34mHTTP/1.1 200     0.40 secs:     364 bytes ==> POST http://localhost:5237/checkin/v1/journeys/retrieve[0m
[0;34mHTTP/1.1 200     0.40 secs:     364 bytes ==> POST http://localhost:5237/checkin/v1/journeys/retrieve[0m
[0;34mHTTP/1.1 200     1.00 secs:     364 bytes ==> POST http://localhost:5237/checkin/v1/journeys/retrieve[0m
[0;34mHTTP/1.1 200     0.42 secs:     364 bytes ==> POST http://localhost:5237/checkin/v1/journeys/retrieve[0m
[0;34mHTTP/1.1 200     0.42 secs:     364 bytes ==> POST http://localhost:5237/checkin/v1/journeys/retrieve[0m
[0;34mHTTP/1.1 200     2.11 secs:     364 bytes ==> POST http://localhost:5237/checkin/v1/journeys/retrieve[0m
[0;34mHTTP/1.1 200     0.88 secs:     364 bytes ==> POST http://localhost:5237/checkin/v1/journeys/retrieve[0m
[0;34mHTTP/1.1 200     0.47 secs:     364 bytes ==> POST http://localhost:5237/checkin/v1/journeys/retrieve[0m
[0;34mHTTP/1.1 200     1.58 secs:     364 bytes ==> POST http://localhost:5237/checkin/v1/journeys/retrieve[0m
[0;34mHTTP/1.1 200     1.07 secs:     364 bytes ==> POST http://localhost:5237/checkin/v1/journeys/retrieve[0m
[0;34mHTTP/1.1 200     0.38 secs:     364 bytes ==> POST http://localhost:5237/checkin/v1/journeys/retrieve[0m
[0;34mHTTP/1.1 200     1.97 secs:     364 bytes ==> POST http://localhost:5237/checkin/v1/journeys/retrieve[0m
[0;31mHTTP/1.1 500     2.24 secs:     150 bytes ==> POST http://localhost:5237/checkin/v1/journeys/retrieve[0m
[0;31mHTTP/1.1 500     2.05 secs:     150 bytes ==> POST http://localhost:5237/checkin/v1/journeys/retrieve[0m
[0;34mHTTP/1.1 200     0.90 secs:     364 bytes ==> POST http://localhost:5237/checkin/v1/journeys/retrieve[0m
[0;34mHTTP/1.1 200     0.89 secs:     364 bytes ==> POST http://localhost:5237/checkin/v1/journeys/retrieve[0m
[0;34mHTTP/1.1 200     0.89 secs:     364 bytes ==> POST http://localhost:5237/checkin/v1/journeys/retrieve[0m
[0;34mHTTP/1.1 200     0.47 secs:     364 bytes ==> POST http://localhost:5237/checkin/v1/journeys/retrieve[0m
[0;34mHTTP/1.1 200     0.36 secs:     364 bytes ==> POST http://localhost:5237/checkin/v1/journeys/retrieve[0m
[0;34mHTTP/1.1 200     0.39 secs:     364 bytes ==> POST http://localhost:5237/checkin/v1/journeys/retrieve[0m
[0;34mHTTP/1.1 200     1.97 secs:     364 bytes ==> POST http://localhost:5237/checkin/v1/journeys/retrieve[0m
[0;34mHTTP/1.1 200     2.20 secs:     364 bytes ==> POST http://localhost:5237/checkin/v1/journeys/retrieve[0m
[0;31mHTTP/1.1 500     2.14 secs:     150 bytes ==> POST http://localhost:5237/checkin/v1/journeys/retrieve[0m
[0;31mHTTP/1.1 500     2.09 secs:     150 bytes ==> POST http://localhost:5237/checkin/v1/journeys/retrieve[0m
[0;34mHTTP/1.1 200     0.42 secs:     364 bytes ==> POST http://localhost:5237/checkin/v1/journeys/retrieve[0m
[0;34mHTTP/1.1 200     1.50 secs:     364 bytes ==> POST http://localhost:5237/checkin/v1/journeys/retrieve[0m
[0;34mHTTP/1.1 200     0.94 secs:     364 bytes ==> POST http://localhost:5237/checkin/v1/journeys/retrieve[0m
[0;34mHTTP/1.1 200     0.37 secs:     364 bytes ==> POST http://localhost:5237/checkin/v1/journeys/retrieve[0m
[0;34mHTTP/1.1 200     0.95 secs:     364 bytes ==> POST http://localhost:5237/checkin/v1/journeys/retrieve[0m
[0;34mHTTP/1.1 200     1.01 secs:     364 bytes ==> POST http://localhost:5237/checkin/v1/journeys/retrieve[0m
[0;34mHTTP/1.1 200     1.42 secs:     364 bytes ==> POST http://localhost:5237/checkin/v1/journeys/retrieve[0m
[0;31mHTTP/1.1 500     2.07 secs:     150 bytes ==> POST http://localhost:5237/checkin/v1/journeys/retrieve[0m
[0;34mHTTP/1.1 200     0.85 secs:     364 bytes ==> POST http://localhost:5237/checkin/v1/journeys/retrieve[0m
[0;31mHTTP/1.1 500     2.21 secs:     150 bytes ==> POST http://localhost:5237/checkin/v1/journeys/retrieve[0m
[0;34mHTTP/1.1 200     0.45 secs:     364 bytes ==> POST http://localhost:5237/checkin/v1/journeys/retrieve[0m
[0;34mHTTP/1.1 200     0.88 secs:     440 bytes ==> POST http://localhost:5237/checkin/v1/journeys/retrieve[0m
[0;31mHTTP/1.1 500     2.13 secs:     150 bytes ==> POST http://localhost:5237/checkin/v1/journeys/retrieve[0m
[0;34mHTTP/1.1 200     0.31 secs:     364 bytes ==> POST http://localhost:5237/checkin/v1/journeys/retrieve[0m
[0;34mHTTP/1.1 200     0.76 secs:     364 bytes ==> POST http://localhost:5237/checkin/v1/journeys/retrieve[0m
[0;34mHTTP/1.1 200     0.87 secs:     364 bytes ==> POST http://localhost:5237/checkin/v1/journeys/retrieve[0m
[0;34mHTTP/1.1 200     2.17 secs:     364 bytes ==> POST http://localhost:5237/checkin/v1/journeys/retrieve[0m
[0;31mHTTP/1.1 500     2.07 secs:     150 bytes ==> POST http://localhost:5237/checkin/v1/journeys/retrieve[0m
[0;31mHTTP/1.1 500     2.10 secs:     150 bytes ==> POST http://localhost:5237/checkin/v1/journeys/retrieve[0m
[0;34mHTTP/1.1 200     0.38 secs:     364 bytes ==> POST http://localhost:5237/checkin/v1/journeys/retrieve[0m
[0;34mHTTP/1.1 200     0.31 secs:     364 bytes ==> POST http://localhost:5237/checkin/v1/journeys/retrieve[0m
[0;34mHTTP/1.1 200     0.85 secs:     364 bytes ==> POST http://localhost:5237/checkin/v1/journeys/retrieve[0m
[0;31mHTTP/1.1 500     2.12 secs:     150 bytes ==> POST http://localhost:5237/checkin/v1/journeys/retrieve[0m
[0;34mHTTP/1.1 200     0.87 secs:     364 bytes ==> POST http://localhost:5237/checkin/v1/journeys/retrieve[0m
[0;31mHTTP/1.1 500     2.03 secs:     150 bytes ==> POST http://localhost:5237/checkin/v1/journeys/retrieve[0m
[0;34mHTTP/1.1 200     0.30 secs:     364 bytes ==> POST http://localhost:5237/checkin/v1/journeys/retrieve[0m
[0;34mHTTP/1.1 200     0.28 secs:     440 bytes ==> POST http://localhost:5237/checkin/v1/journeys/retrieve[0m
[0;34mHTTP/1.1 200     0.72 secs:     364 bytes ==> POST http://localhost:5237/checkin/v1/journeys/retrieve[0m
[0;34mHTTP/1.1 200     0.88 secs:     364 bytes ==> POST http://localhost:5237/checkin/v1/journeys/retrieve[0m
[0;34mHTTP/1.1 200     0.33 secs:     364 bytes ==> POST http://localhost:5237/checkin/v1/journeys/retrieve[0m
[0;34mHTTP/1.1 200     1.41 secs:     364 bytes ==> POST http://localhost:5237/checkin/v1/journeys/retrieve[0m
[0;34mHTTP/1.1 200     0.71 secs:     364 bytes ==> POST http://localhost:5237/checkin/v1/journeys/retrieve[0m
[0;34mHTTP/1.1 200     2.02 secs:     364 bytes ==> POST http://localhost:5237/checkin/v1/journeys/retrieve[0m
[0;34mHTTP/1.1 200     0.36 secs:     364 bytes ==> POST http://localhost:5237/checkin/v1/journeys/retrieve[0m
[0;34mHTTP/1.1 200     0.74 secs:     364 bytes ==> POST http://localhost:5237/checkin/v1/journeys/retrieve[0m
[0;31mHTTP/1.1 500     2.03 secs:     150 bytes ==> POST http://localhost:5237/checkin/v1/journeys/retrieve[0m
[0;34mHTTP/1.1 200     0.37 secs:     364 bytes ==> POST http://localhost:5237/checkin/v1/journeys/retrieve[0m
[0;34mHTTP/1.1 200     0.89 secs:     364 bytes ==> POST http://localhost:5237/checkin/v1/journeys/retrieve[0m
[0;31mHTTP/1.1 500     2.04 secs:     150 bytes ==> POST http://localhost:5237/checkin/v1/journeys/retrieve[0m
[0;34mHTTP/1.1 200     0.32 secs:     364 bytes ==> POST http://localhost:5237/checkin/v1/journeys/retrieve[0m
[0;34mHTTP/1.1 200     0.71 secs:     364 bytes ==> POST http://localhost:5237/checkin/v1/journeys/retrieve[0m
[0;34mHTTP/1.1 200     1.34 secs:     364 bytes ==> POST http://localhost:5237/checkin/v1/journeys/retrieve[0m
[0;34mHTTP/1.1 200     1.22 secs:     364 bytes ==> POST http://localhost:5237/checkin/v1/journeys/retrieve[0m
[0;34mHTTP/1.1 200     0.34 secs:     364 bytes ==> POST http://localhost:5237/checkin/v1/journeys/retrieve[0m
[0;34mHTTP/1.1 200     0.84 secs:     364 bytes ==> POST http://localhost:5237/checkin/v1/journeys/retrieve[0m
[0;34mHTTP/1.1 200     2.10 secs:     364 bytes ==> POST http://localhost:5237/checkin/v1/journeys/retrieve[0m
[0;34mHTTP/1.1 200     0.82 secs:     364 bytes ==> POST http://localhost:5237/checkin/v1/journeys/retrieve[0m
[0;31mHTTP/1.1 500     1.98 secs:     150 bytes ==> POST http://localhost:5237/checkin/v1/journeys/retrieve[0m
[0;34mHTTP/1.1 200     1.99 secs:     364 bytes ==> POST http://localhost:5237/checkin/v1/journeys/retrieve[0m
[0;34mHTTP/1.1 200     0.42 secs:     364 bytes ==> POST http://localhost:5237/checkin/v1/journeys/retrieve[0m
[0;34mHTTP/1.1 200     0.83 secs:     364 bytes ==> POST http://localhost:5237/checkin/v1/journeys/retrieve[0m
[0;34mHTTP/1.1 200     0.53 secs:     364 bytes ==> POST http://localhost:5237/checkin/v1/journeys/retrieve[0m
[0;31mHTTP/1.1 500     1.98 secs:     150 bytes ==> POST http://localhost:5237/checkin/v1/journeys/retrieve[0m
[0;31mHTTP/1.1 500     2.01 secs:     150 bytes ==> POST http://localhost:5237/checkin/v1/journeys/retrieve[0m
[0;34mHTTP/1.1 200     0.99 secs:     364 bytes ==> POST http://localhost:5237/checkin/v1/journeys/retrieve[0m
[0;31mHTTP/1.1 500     2.01 secs:     150 bytes ==> POST http://localhost:5237/checkin/v1/journeys/retrieve[0m
[0;31mHTTP/1.1 500     1.89 secs:     150 bytes ==> POST http://localhost:5237/checkin/v1/journeys/retrieve[0m
[0;34mHTTP/1.1 200     0.38 secs:     364 bytes ==> POST http://localhost:5237/checkin/v1/journeys/retrieve[0m
[0;34mHTTP/1.1 200     2.12 secs:     364 bytes ==> POST http://localhost:5237/checkin/v1/journeys/retrieve[0m
[0;34mHTTP/1.1 200     0.43 secs:     440 bytes ==> POST http://localhost:5237/checkin/v1/journeys/retrieve[0m
[0;34mHTTP/1.1 200     0.40 secs:     364 bytes ==> POST http://localhost:5237/checkin/v1/journeys/retrieve[0m
[0;31mHTTP/1.1 500     1.95 secs:     150 bytes ==> POST http://localhost:5237/checkin/v1/journeys/retrieve[0m
[0;34mHTTP/1.1 200     0.95 secs:     364 bytes ==> POST http://localhost:5237/checkin/v1/journeys/retrieve[0m
[0;34mHTTP/1.1 200     0.42 secs:     364 bytes ==> POST http://localhost:5237/checkin/v1/journeys/retrieve[0m
[0;34mHTTP/1.1 200     1.46 secs:     364 bytes ==> POST http://localhost:5237/checkin/v1/journeys/retrieve[0m
[0;31mHTTP/1.1 500     1.98 secs:     150 bytes ==> POST http://localhost:5237/checkin/v1/journeys/retrieve[0m
[0;34mHTTP/1.1 200     0.32 secs:     440 bytes ==> POST http://localhost:5237/checkin/v1/journeys/retrieve[0m
[0;34mHTTP/1.1 200     1.38 secs:     364 bytes ==> POST http://localhost:5237/checkin/v1/journeys/retrieve[0m
[0;34mHTTP/1.1 200     0.82 secs:     364 bytes ==> POST http://localhost:5237/checkin/v1/journeys/retrieve[0m
[0;31mHTTP/1.1 500     1.85 secs:     150 bytes ==> POST http://localhost:5237/checkin/v1/journeys/retrieve[0m
[0;34mHTTP/1.1 200     0.41 secs:     364 bytes ==> POST http://localhost:5237/checkin/v1/journeys/retrieve[0m
[0;31mHTTP/1.1 500     1.95 secs:     150 bytes ==> POST http://localhost:5237/checkin/v1/journeys/retrieve[0m
[0;31mHTTP/1.1 500     1.87 secs:     150 bytes ==> POST http://localhost:5237/checkin/v1/journeys/retrieve[0m
[0;34mHTTP/1.1 200     1.33 secs:     364 bytes ==> POST http://localhost:5237/checkin/v1/journeys/retrieve[0m
[0;34mHTTP/1.1 200     0.35 secs:     440 bytes ==> POST http://localhost:5237/checkin/v1/journeys/retrieve[0m
[0;34mHTTP/1.1 200     0.42 secs:     364 bytes ==> POST http://localhost:5237/checkin/v1/journeys/retrieve[0m
[0;34mHTTP/1.1 200     0.40 secs:     364 bytes ==> POST http://localhost:5237/checkin/v1/journeys/retrieve[0m
[0;34mHTTP/1.1 200     0.93 secs:     364 bytes ==> POST http://localhost:5237/checkin/v1/journeys/retrieve[0m
[0;31mHTTP/1.1 500     1.92 secs:     150 bytes ==> POST http://localhost:5237/checkin/v1/journeys/retrieve[0m
[0;31mHTTP/1.1 500     1.87 secs:     150 bytes ==> POST http://localhost:5237/checkin/v1/journeys/retrieve[0m
[0;34mHTTP/1.1 200     1.95 secs:     440 bytes ==> POST http://localhost:5237/checkin/v1/journeys/retrieve[0m
[0;34mHTTP/1.1 200     0.33 secs:     364 bytes ==> POST http://localhost:5237/checkin/v1/journeys/retrieve[0m
[0;34mHTTP/1.1 200     0.41 secs:     440 bytes ==> POST http://localhost:5237/checkin/v1/journeys/retrieve[0m
[0;34mHTTP/1.1 200     1.99 secs:     364 bytes ==> POST http://localhost:5237/checkin/v1/journeys/retrieve[0m
[0;34mHTTP/1.1 200     1.36 secs:     440 bytes ==> POST http://localhost:5237/checkin/v1/journeys/retrieve[0m
[0;31mHTTP/1.1 500     1.98 secs:     150 bytes ==> POST http://localhost:5237/checkin/v1/journeys/retrieve[0m
[0;34mHTTP/1.1 200     1.35 secs:     364 bytes ==> POST http://localhost:5237/checkin/v1/journeys/retrieve[0m
[0;31mHTTP/1.1 500     1.91 secs:     150 bytes ==> POST http://localhost:5237/checkin/v1/journeys/retrieve[0m
[0;34mHTTP/1.1 200     0.37 secs:     364 bytes ==> POST http://localhost:5237/checkin/v1/journeys/retrieve[0m
[0;34mHTTP/1.1 200     0.85 secs:     364 bytes ==> POST http://localhost:5237/checkin/v1/journeys/retrieve[0m
[0;31mHTTP/1.1 500     1.96 secs:     150 bytes ==> POST http://localhost:5237/checkin/v1/journeys/retrieve[0m
[0;34mHTTP/1.1 200     0.83 secs:     364 bytes ==> POST http://localhost:5237/checkin/v1/journeys/retrieve[0m
[0;34mHTTP/1.1 200     0.32 secs:     364 bytes ==> POST http://localhost:5237/checkin/v1/journeys/retrieve[0m
[0;34mHTTP/1.1 200     0.76 secs:     364 bytes ==> POST http://localhost:5237/checkin/v1/journeys/retrieve[0m
[0;34mHTTP/1.1 200     2.11 secs:     440 bytes ==> POST http://localhost:5237/checkin/v1/journeys/retrieve[0m
[0;34mHTTP/1.1 200     0.85 secs:     440 bytes ==> POST http://localhost:5237/checkin/v1/journeys/retrieve[0m
[0;34mHTTP/1.1 200     1.90 secs:     364 bytes ==> POST http://localhost:5237/checkin/v1/journeys/retrieve[0m
[0;34mHTTP/1.1 200     0.29 secs:     364 bytes ==> POST http://localhost:5237/checkin/v1/journeys/retrieve[0m
[0;34mHTTP/1.1 200     0.35 secs:     364 bytes ==> POST http://localhost:5237/checkin/v1/journeys/retrieve[0m
[0;34mHTTP/1.1 200     0.30 secs:     364 bytes ==> POST http://localhost:5237/checkin/v1/journeys/retrieve[0m
[0;31mHTTP/1.1 500     1.95 secs:     150 bytes ==> POST http://localhost:5237/checkin/v1/journeys/retrieve[0m
[0;34mHTTP/1.1 200     0.81 secs:     440 bytes ==> POST http://localhost:5237/checkin/v1/journeys/retrieve[0m
[0;31mHTTP/1.1 500     1.93 secs:     150 bytes ==> POST http://localhost:5237/checkin/v1/journeys/retrieve[0m
[0;31mHTTP/1.1 500     2.02 secs:     150 bytes ==> POST http://localhost:5237/checkin/v1/journeys/retrieve[0m
[0;34mHTTP/1.1 200     0.41 secs:     364 bytes ==> POST http://localhost:5237/checkin/v1/journeys/retrieve[0m
[0;34mHTTP/1.1 200     0.34 secs:     364 bytes ==> POST http://localhost:5237/checkin/v1/journeys/retrieve[0m
[0;34mHTTP/1.1 200     0.70 secs:     364 bytes ==> POST http://localhost:5237/checkin/v1/journeys/retrieve[0m
[0;34mHTTP/1.1 200     0.83 secs:     364 bytes ==> POST http://localhost:5237/checkin/v1/journeys/retrieve[0m
[0;34mHTTP/1.1 200     0.34 secs:     440 bytes ==> POST http://localhost:5237/checkin/v1/journeys/retrieve[0m
[0;34mHTTP/1.1 200     1.94 secs:     364 bytes ==> POST http://localhost:5237/checkin/v1/journeys/retrieve[0m
[0;34mHTTP/1.1 200     0.72 secs:     364 bytes ==> POST http://localhost:5237/checkin/v1/journeys/retrieve[0m
[0;34mHTTP/1.1 200     2.05 secs:     364 bytes ==> POST http://localhost:5237/checkin/v1/journeys/retrieve[0m
[0;34mHTTP/1.1 200     0.37 secs:     364 bytes ==> POST http://localhost:5237/checkin/v1/journeys/retrieve[0m
[0;31mHTTP/1.1 500     1.92 secs:     150 bytes ==> POST http://localhost:5237/checkin/v1/journeys/retrieve[0m
[0;34mHTTP/1.1 200     1.25 secs:     440 bytes ==> POST http://localhost:5237/checkin/v1/journeys/retrieve[0m
[0;34mHTTP/1.1 200     0.38 secs:     364 bytes ==> POST http://localhost:5237/checkin/v1/journeys/retrieve[0m
[0;31mHTTP/1.1 500     1.85 secs:     150 bytes ==> POST http://localhost:5237/checkin/v1/journeys/retrieve[0m
[0;34mHTTP/1.1 200     1.30 secs:     364 bytes ==> POST http://localhost:5237/checkin/v1/journeys/retrieve[0m
[0;34mHTTP/1.1 200     0.84 secs:     688 bytes ==> POST http://localhost:5237/checkin/v1/journeys/retrieve[0m
[0;34mHTTP/1.1 200     1.33 secs:     440 bytes ==> POST http://localhost:5237/checkin/v1/journeys/retrieve[0m
[0;34mHTTP/1.1 200     1.27 secs:     688 bytes ==> POST http://localhost:5237/checkin/v1/journeys/retrieve[0m
[0;34mHTTP/1.1 200     0.81 secs:     364 bytes ==> POST http://localhost:5237/checkin/v1/journeys/retrieve[0m
[0;31mHTTP/1.1 500     1.84 secs:     150 bytes ==> POST http://localhost:5237/checkin/v1/journeys/retrieve[0m
[0;34mHTTP/1.1 200     0.39 secs:     440 bytes ==> POST http://localhost:5237/checkin/v1/journeys/retrieve[0m
[0;34mHTTP/1.1 200     0.34 secs:     440 bytes ==> POST http://localhost:5237/checkin/v1/journeys/retrieve[0m
[0;34mHTTP/1.1 200     0.84 secs:     440 bytes ==> POST http://localhost:5237/checkin/v1/journeys/retrieve[0m
[0;31mHTTP/1.1 500     1.87 secs:     150 bytes ==> POST http://localhost:5237/checkin/v1/journeys/retrieve[0m
[0;34mHTTP/1.1 200     0.31 secs:     440 bytes ==> POST http://localhost:5237/checkin/v1/journeys/retrieve[0m
[0;31mHTTP/1.1 500     1.79 secs:     150 bytes ==> POST http://localhost:5237/checkin/v1/journeys/retrieve[0m
[0;34mHTTP/1.1 200     0.36 secs:     688 bytes ==> POST http://localhost:5237/checkin/v1/journeys/retrieve[0m
[0;34mHTTP/1.1 200     0.83 secs:     364 bytes ==> POST http://localhost:5237/checkin/v1/journeys/retrieve[0m
[0;34mHTTP/1.1 200     0.30 secs:     364 bytes ==> POST http://localhost:5237/checkin/v1/journeys/retrieve[0m
[0;34mHTTP/1.1 200     0.31 secs:     440 bytes ==> POST http://localhost:5237/checkin/v1/journeys/retrieve[0m
[0;34mHTTP/1.1 200     0.81 secs:     364 bytes ==> POST http://localhost:5237/checkin/v1/journeys/retrieve[0m
[0;31mHTTP/1.1 500     1.86 secs:     150 bytes ==> POST http://localhost:5237/checkin/v1/journeys/retrieve[0m
[0;34mHTTP/1.1 200     1.80 secs:     364 bytes ==> POST http://localhost:5237/checkin/v1/journeys/retrieve[0m
[0;34mHTTP/1.1 200     1.85 secs:     364 bytes ==> POST http://localhost:5237/checkin/v1/journeys/retrieve[0m
[0;34mHTTP/1.1 200     0.82 secs:     688 bytes ==> POST http://localhost:5237/checkin/v1/journeys/retrieve[0m
[0;34mHTTP/1.1 200     1.79 secs:     364 bytes ==> POST http://localhost:5237/checkin/v1/journeys/retrieve[0m
[0;34mHTTP/1.1 200     0.80 secs:     364 bytes ==> POST http://localhost:5237/checkin/v1/journeys/retrieve[0m
[0;34mHTTP/1.1 200     0.75 secs:     440 bytes ==> POST http://localhost:5237/checkin/v1/journeys/retrieve[0m
[0;34mHTTP/1.1 200     0.37 secs:     364 bytes ==> POST http://localhost:5237/checkin/v1/journeys/retrieve[0m
[0;34mHTTP/1.1 200     1.72 secs:     364 bytes ==> POST http://localhost:5237/checkin/v1/journeys/retrieve[0m
[0;31mHTTP/1.1 500     1.89 secs:     150 bytes ==> POST http://localhost:5237/checkin/v1/journeys/retrieve[0m
[0;34mHTTP/1.1 200     0.32 secs:     364 bytes ==> POST http://localhost:5237/checkin/v1/journeys/retrieve[0m
[0;34mHTTP/1.1 200     0.68 secs:     364 bytes ==> POST http://localhost:5237/checkin/v1/journeys/retrieve[0m
[0;34mHTTP/1.1 200     1.80 secs:     440 bytes ==> POST http://localhost:5237/checkin/v1/journeys/retrieve[0m
[0;34mHTTP/1.1 200     1.27 secs:     688 bytes ==> POST http://localhost:5237/checkin/v1/journeys/retrieve[0m
[0;34mHTTP/1.1 200     1.83 secs:     364 bytes ==> POST http://localhost:5237/checkin/v1/journeys/retrieve[0m
[0;34mHTTP/1.1 200     0.33 secs:     688 bytes ==> POST http://localhost:5237/checkin/v1/journeys/retrieve[0m
[0;31mHTTP/1.1 500     1.78 secs:     150 bytes ==> POST http://localhost:5237/checkin/v1/journeys/retrieve[0m
[0;34mHTTP/1.1 200     1.29 secs:     440 bytes ==> POST http://localhost:5237/checkin/v1/journeys/retrieve[0m
[0;34mHTTP/1.1 200     0.32 secs:     364 bytes ==> POST http://localhost:5237/checkin/v1/journeys/retrieve[0m
[0;31mHTTP/1.1 500     1.88 secs:     150 bytes ==> POST http://localhost:5237/checkin/v1/journeys/retrieve[0m
[0;31mHTTP/1.1 500     1.82 secs:     150 bytes ==> POST http://localhost:5237/checkin/v1/journeys/retrieve[0m
[0;34mHTTP/1.1 200     0.38 secs:     364 bytes ==> POST http://localhost:5237/checkin/v1/journeys/retrieve[0m
[0;34mHTTP/1.1 200     0.72 secs:     364 bytes ==> POST http://localhost:5237/checkin/v1/journeys/retrieve[0m
[0;31mHTTP/1.1 500     1.79 secs:     150 bytes ==> POST http://localhost:5237/checkin/v1/journeys/retrieve[0m
[0;31mHTTP/1.1 500     1.78 secs:     150 bytes ==> POST http://localhost:5237/checkin/v1/journeys/retrieve[0m
[0;34mHTTP/1.1 200     0.35 secs:     364 bytes ==> POST http://localhost:5237/checkin/v1/journeys/retrieve[0m
[0;34mHTTP/1.1 200     0.69 secs:     440 bytes ==> POST http://localhost:5237/checkin/v1/journeys/retrieve[0m
[0;31mHTTP/1.1 500     1.71 secs:     150 bytes ==> POST http://localhost:5237/checkin/v1/journeys/retrieve[0m
[0;34mHTTP/1.1 200     0.67 secs:     364 bytes ==> POST http://localhost:5237/checkin/v1/journeys/retrieve[0m
[0;34mHTTP/1.1 200     1.15 secs:     364 bytes ==> POST http://localhost:5237/checkin/v1/journeys/retrieve[0m
[0;34mHTTP/1.1 200     0.32 secs:     688 bytes ==> POST http://localhost:5237/checkin/v1/journeys/retrieve[0m
[0;31mHTTP/1.1 500     1.87 secs:     150 bytes ==> POST http://localhost:5237/checkin/v1/journeys/retrieve[0m
[0;34mHTTP/1.1 200     0.72 secs:     364 bytes ==> POST http://localhost:5237/checkin/v1/journeys/retrieve[0m
[0;34mHTTP/1.1 200     0.31 secs:     364 bytes ==> POST http://localhost:5237/checkin/v1/journeys/retrieve[0m
[0;34mHTTP/1.1 200     0.34 secs:     688 bytes ==> POST http://localhost:5237/checkin/v1/journeys/retrieve[0m
[0;34mHTTP/1.1 200     0.83 secs:     688 bytes ==> POST http://localhost:5237/checkin/v1/journeys/retrieve[0m
[0;34mHTTP/1.1 200     0.37 secs:     688 bytes ==> POST http://localhost:5237/checkin/v1/journeys/retrieve[0m
[0;34mHTTP/1.1 200     0.77 secs:     364 bytes ==> POST http://localhost:5237/checkin/v1/journeys/retrieve[0m
[0;34mHTTP/1.1 200     0.78 secs:     688 bytes ==> POST http://localhost:5237/checkin/v1/journeys/retrieve[0m
[0;34mHTTP/1.1 200     0.36 secs:     440 bytes ==> POST http://localhost:5237/checkin/v1/journeys/retrieve[0m
[0;34mHTTP/1.1 200     1.84 secs:     440 bytes ==> POST http://localhost:5237/checkin/v1/journeys/retrieve[0m
[0;34mHTTP/1.1 200     0.80 secs:     440 bytes ==> POST http://localhost:5237/checkin/v1/journeys/retrieve[0m
[0;31mHTTP/1.1 500     1.91 secs:     150 bytes ==> POST http://localhost:5237/checkin/v1/journeys/retrieve[0m
[0;34mHTTP/1.1 200     0.36 secs:     364 bytes ==> POST http://localhost:5237/checkin/v1/journeys/retrieve[0m
[0;34mHTTP/1.1 200     0.73 secs:     364 bytes ==> POST http://localhost:5237/checkin/v1/journeys/retrieve[0m
[0;34mHTTP/1.1 200     0.83 secs:     440 bytes ==> POST http://localhost:5237/checkin/v1/journeys/retrieve[0m
[0;34mHTTP/1.1 200     1.23 secs:     364 bytes ==> POST http://localhost:5237/checkin/v1/journeys/retrieve[0m
[0;34mHTTP/1.1 200     0.81 secs:     364 bytes ==> POST http://localhost:5237/checkin/v1/journeys/retrieve[0m
[0;34mHTTP/1.1 200     0.77 secs:     440 bytes ==> POST http://localhost:5237/checkin/v1/journeys/retrieve[0m
[0;31mHTTP/1.1 500     1.85 secs:     150 bytes ==> POST http://localhost:5237/checkin/v1/journeys/retrieve[0m
[0;34mHTTP/1.1 200     1.33 secs:     688 bytes ==> POST http://localhost:5237/checkin/v1/journeys/retrieve[0m
[0;34mHTTP/1.1 200     0.36 secs:     440 bytes ==> POST http://localhost:5237/checkin/v1/journeys/retrieve[0m
[0;34mHTTP/1.1 200     0.40 secs:     364 bytes ==> POST http://localhost:5237/checkin/v1/journeys/retrieve[0m
[0;34mHTTP/1.1 200     0.86 secs:     688 bytes ==> POST http://localhost:5237/checkin/v1/journeys/retrieve[0m
[0;34mHTTP/1.1 200     1.35 secs:     364 bytes ==> POST http://localhost:5237/checkin/v1/journeys/retrieve[0m
[0;31mHTTP/1.1 500     1.98 secs:     150 bytes ==> POST http://localhost:5237/checkin/v1/journeys/retrieve[0m
[0;34mHTTP/1.1 200     0.48 secs:     364 bytes ==> POST http://localhost:5237/checkin/v1/journeys/retrieve[0m
[0;31mHTTP/1.1 500     1.84 secs:     150 bytes ==> POST http://localhost:5237/checkin/v1/journeys/retrieve[0m
[0;34mHTTP/1.1 200     0.43 secs:     364 bytes ==> POST http://localhost:5237/checkin/v1/journeys/retrieve[0m
[0;34mHTTP/1.1 200     0.89 secs:     440 bytes ==> POST http://localhost:5237/checkin/v1/journeys/retrieve[0m
[0;31mHTTP/1.1 500     1.72 secs:     150 bytes ==> POST http://localhost:5237/checkin/v1/journeys/retrieve[0m
[0;31mHTTP/1.1 500     1.87 secs:     150 bytes ==> POST http://localhost:5237/checkin/v1/journeys/retrieve[0m
[0;34mHTTP/1.1 200     0.84 secs:     688 bytes ==> POST http://localhost:5237/checkin/v1/journeys/retrieve[0m
[0;34mHTTP/1.1 200     0.81 secs:     440 bytes ==> POST http://localhost:5237/checkin/v1/journeys/retrieve[0m
[0;34mHTTP/1.1 200     0.98 secs:     440 bytes ==> POST http://localhost:5237/checkin/v1/journeys/retrieve[0m
[0;31mHTTP/1.1 500     1.94 secs:     150 bytes ==> POST http://localhost:5237/checkin/v1/journeys/retrieve[0m
[0;34mHTTP/1.1 200     2.06 secs:     440 bytes ==> POST http://localhost:5237/checkin/v1/journeys/retrieve[0m
[0;31mHTTP/1.1 500     1.87 secs:     150 bytes ==> POST http://localhost:5237/checkin/v1/journeys/retrieve[0m
[0;34mHTTP/1.1 200     0.38 secs:     364 bytes ==> POST http://localhost:5237/checkin/v1/journeys/retrieve[0m
[0;34mHTTP/1.1 200     2.01 secs:     364 bytes ==> POST http://localhost:5237/checkin/v1/journeys/retrieve[0m
[0;34mHTTP/1.1 200     0.36 secs:     364 bytes ==> POST http://localhost:5237/checkin/v1/journeys/retrieve[0m
[0;34mHTTP/1.1 200     1.88 secs:     440 bytes ==> POST http://localhost:5237/checkin/v1/journeys/retrieve[0m
[0;34mHTTP/1.1 200     1.44 secs:     364 bytes ==> POST http://localhost:5237/checkin/v1/journeys/retrieve[0m
[0;34mHTTP/1.1 200     0.78 secs:     364 bytes ==> POST http://localhost:5237/checkin/v1/journeys/retrieve[0m
[0;31mHTTP/1.1 500     1.96 secs:     150 bytes ==> POST http://localhost:5237/checkin/v1/journeys/retrieve[0m
[0;34mHTTP/1.1 200     0.37 secs:     364 bytes ==> POST http://localhost:5237/checkin/v1/journeys/retrieve[0m
[0;31mHTTP/1.1 500     1.89 secs:     150 bytes ==> POST http://localhost:5237/checkin/v1/journeys/retrieve[0m
[0;31mHTTP/1.1 500     1.90 secs:     150 bytes ==> POST http://localhost:5237/checkin/v1/journeys/retrieve[0m
[0;34mHTTP/1.1 200     1.11 secs:     364 bytes ==> POST http://localhost:5237/checkin/v1/journeys/retrieve[0m
[0;34mHTTP/1.1 200     0.42 secs:     688 bytes ==> POST http://localhost:5237/checkin/v1/journeys/retrieve[0m
[0;34mHTTP/1.1 200     0.91 secs:     364 bytes ==> POST http://localhost:5237/checkin/v1/journeys/retrieve[0m
[0;34mHTTP/1.1 200     1.43 secs:     688 bytes ==> POST http://localhost:5237/checkin/v1/journeys/retrieve[0m
[0;34mHTTP/1.1 200     0.91 secs:     364 bytes ==> POST http://localhost:5237/checkin/v1/journeys/retrieve[0m
[0;31mHTTP/1.1 500     2.01 secs:     150 bytes ==> POST http://localhost:5237/checkin/v1/journeys/retrieve[0m
[0;34mHTTP/1.1 200     0.93 secs:     364 bytes ==> POST http://localhost:5237/checkin/v1/journeys/retrieve[0m
[0;34mHTTP/1.1 200     2.03 secs:     688 bytes ==> POST http://localhost:5237/checkin/v1/journeys/retrieve[0m
[0;31mHTTP/1.1 500     1.99 secs:     150 bytes ==> POST http://localhost:5237/checkin/v1/journeys/retrieve[0m
[0;34mHTTP/1.1 200     0.89 secs:     440 bytes ==> POST http://localhost:5237/checkin/v1/journeys/retrieve[0m
[0;34mHTTP/1.1 200     0.41 secs:     364 bytes ==> POST http://localhost:5237/checkin/v1/journeys/retrieve[0m
[0;34mHTTP/1.1 200     1.97 secs:     688 bytes ==> POST http://localhost:5237/checkin/v1/journeys/retrieve[0m
[0;34mHTTP/1.1 200     0.80 secs:     364 bytes ==> POST http://localhost:5237/checkin/v1/journeys/retrieve[0m
[0;34mHTTP/1.1 200     2.04 secs:     364 bytes ==> POST http://localhost:5237/checkin/v1/journeys/retrieve[0m
[0;34mHTTP/1.1 200     2.03 secs:     364 bytes ==> POST http://localhost:5237/checkin/v1/journeys/retrieve[0m
[0;34mHTTP/1.1 200     0.44 secs:     364 bytes ==> POST http://localhost:5237/checkin/v1/journeys/retrieve[0m
[0;34mHTTP/1.1 200     0.92 secs:     688 bytes ==> POST http://localhost:5237/checkin/v1/journeys/retrieve[0m
[0;34mHTTP/1.1 200     1.48 secs:     440 bytes ==> POST http://localhost:5237/checkin/v1/journeys/retrieve[0m
[0;34mHTTP/1.1 200     0.81 secs:     364 bytes ==> POST http://localhost:5237/checkin/v1/journeys/retrieve[0m
[0;34mHTTP/1.1 200     0.88 secs:     364 bytes ==> POST http://localhost:5237/checkin/v1/journeys/retrieve[0m
[0;34mHTTP/1.1 200     1.52 secs:     364 bytes ==> POST http://localhost:5237/checkin/v1/journeys/retrieve[0m
[0;34mHTTP/1.1 200     0.40 secs:     440 bytes ==> POST http://localhost:5237/checkin/v1/journeys/retrieve[0m
[0;34mHTTP/1.1 200     2.11 secs:     440 bytes ==> POST http://localhost:5237/checkin/v1/journeys/retrieve[0m
[0;34mHTTP/1.1 200     0.93 secs:     364 bytes ==> POST http://localhost:5237/checkin/v1/journeys/retrieve[0m
[0;31mHTTP/1.1 500     2.07 secs:     150 bytes ==> POST http://localhost:5237/checkin/v1/journeys/retrieve[0m
[0;31mHTTP/1.1 500     1.94 secs:     150 bytes ==> POST http://localhost:5237/checkin/v1/journeys/retrieve[0m
[0;31mHTTP/1.1 500     2.06 secs:     150 bytes ==> POST http://localhost:5237/checkin/v1/journeys/retrieve[0m
[0;34mHTTP/1.1 200     0.89 secs:     440 bytes ==> POST http://localhost:5237/checkin/v1/journeys/retrieve[0m
[0;34mHTTP/1.1 200     0.35 secs:     364 bytes ==> POST http://localhost:5237/checkin/v1/journeys/retrieve[0m
[0;34mHTTP/1.1 200     0.83 secs:     440 bytes ==> POST http://localhost:5237/checkin/v1/journeys/retrieve[0m
[0;31mHTTP/1.1 500     1.99 secs:     150 bytes ==> POST http://localhost:5237/checkin/v1/journeys/retrieve[0m
[0;34mHTTP/1.1 200     1.45 secs:     364 bytes ==> POST http://localhost:5237/checkin/v1/journeys/retrieve[0m
[0;31mHTTP/1.1 500     1.96 secs:     150 bytes ==> POST http://localhost:5237/checkin/v1/journeys/retrieve[0m
[0;34mHTTP/1.1 200     0.87 secs:     440 bytes ==> POST http://localhost:5237/checkin/v1/journeys/retrieve[0m
[0;34mHTTP/1.1 200     0.33 secs:     688 bytes ==> POST http://localhost:5237/checkin/v1/journeys/retrieve[0m
[0;34mHTTP/1.1 200     0.91 secs:     364 bytes ==> POST http://localhost:5237/checkin/v1/journeys/retrieve[0m
[0;31mHTTP/1.1 500     2.09 secs:     150 bytes ==> POST http://localhost:5237/checkin/v1/journeys/retrieve[0m
[0;34mHTTP/1.1 200     1.44 secs:     364 bytes ==> POST http://localhost:5237/checkin/v1/journeys/retrieve[0m
[0;31mHTTP/1.1 500     2.10 secs:     150 bytes ==> POST http://localhost:5237/checkin/v1/journeys/retrieve[0m
[0;34mHTTP/1.1 200     0.35 secs:     688 bytes ==> POST http://localhost:5237/checkin/v1/journeys/retrieve[0m
[0;31mHTTP/1.1 500     2.12 secs:     150 bytes ==> POST http://localhost:5237/checkin/v1/journeys/retrieve[0m
[0;34mHTTP/1.1 200     0.34 secs:     364 bytes ==> POST http://localhost:5237/checkin/v1/journeys/retrieve[0m
[0;31mHTTP/1.1 500     2.01 secs:     150 bytes ==> POST http://localhost:5237/checkin/v1/journeys/retrieve[0m
[0;34mHTTP/1.1 200     1.38 secs:     440 bytes ==> POST http://localhost:5237/checkin/v1/journeys/retrieve[0m
[0;34mHTTP/1.1 200     0.86 secs:     364 bytes ==> POST http://localhost:5237/checkin/v1/journeys/retrieve[0m
[0;31mHTTP/1.1 500     2.04 secs:     150 bytes ==> POST http://localhost:5237/checkin/v1/journeys/retrieve[0m
[0;31mHTTP/1.1 500     2.01 secs:     150 bytes ==> POST http://localhost:5237/checkin/v1/journeys/retrieve[0m
[0;34mHTTP/1.1 200     0.41 secs:     688 bytes ==> POST http://localhost:5237/checkin/v1/journeys/retrieve[0m
[0;31mHTTP/1.1 500     2.00 secs:     150 bytes ==> POST http://localhost:5237/checkin/v1/journeys/retrieve[0m
[0;34mHTTP/1.1 200     0.39 secs:     364 bytes ==> POST http://localhost:5237/checkin/v1/journeys/retrieve[0m
[0;34mHTTP/1.1 200     0.38 secs:     364 bytes ==> POST http://localhost:5237/checkin/v1/journeys/retrieve[0m
[0;34mHTTP/1.1 200     1.44 secs:     364 bytes ==> POST http://localhost:5237/checkin/v1/journeys/retrieve[0m
[0;31mHTTP/1.1 500     1.96 secs:     150 bytes ==> POST http://localhost:5237/checkin/v1/journeys/retrieve[0m
[0;31mHTTP/1.1 500     2.04 secs:     150 bytes ==> POST http://localhost:5237/checkin/v1/journeys/retrieve[0m
[0;34mHTTP/1.1 200     0.45 secs:     440 bytes ==> POST http://localhost:5237/checkin/v1/journeys/retrieve[0m
[0;34mHTTP/1.1 200     0.45 secs:     688 bytes ==> POST http://localhost:5237/checkin/v1/journeys/retrieve[0m
[0;34mHTTP/1.1 200     0.95 secs:     364 bytes ==> POST http://localhost:5237/checkin/v1/journeys/retrieve[0m
[0;34mHTTP/1.1 200     0.50 secs:     364 bytes ==> POST http://localhost:5237/checkin/v1/journeys/retrieve[0m
[0;34mHTTP/1.1 200     0.94 secs:     364 bytes ==> POST http://localhost:5237/checkin/v1/journeys/retrieve[0m
[0;34mHTTP/1.1 200     1.04 secs:     364 bytes ==> POST http://localhost:5237/checkin/v1/journeys/retrieve[0m
[0;34mHTTP/1.1 200     0.45 secs:     364 bytes ==> POST http://localhost:5237/checkin/v1/journeys/retrieve[0m
[0;31mHTTP/1.1 500     2.05 secs:     150 bytes ==> POST http://localhost:5237/checkin/v1/journeys/retrieve[0m
[0;31mHTTP/1.1 500     2.08 secs:     150 bytes ==> POST http://localhost:5237/checkin/v1/journeys/retrieve[0m
[0;34mHTTP/1.1 200     0.41 secs:     364 bytes ==> POST http://localhost:5237/checkin/v1/journeys/retrieve[0m
[0;31mHTTP/1.1 500     1.97 secs:     150 bytes ==> POST http://localhost:5237/checkin/v1/journeys/retrieve[0m
[0;34mHTTP/1.1 200     0.48 secs:     688 bytes ==> POST http://localhost:5237/checkin/v1/journeys/retrieve[0m
[0;34mHTTP/1.1 200     0.58 secs:     364 bytes ==> POST http://localhost:5237/checkin/v1/journeys/retrieve[0m
[0;34mHTTP/1.1 200     0.87 secs:     364 bytes ==> POST http://localhost:5237/checkin/v1/journeys/retrieve[0m
[0;31mHTTP/1.1 500     1.99 secs:     150 bytes ==> POST http://localhost:5237/checkin/v1/journeys/retrieve[0m
[0;31mHTTP/1.1 500     1.94 secs:     150 bytes ==> POST http://localhost:5237/checkin/v1/journeys/retrieve[0m
[0;34mHTTP/1.1 200     0.87 secs:     440 bytes ==> POST http://localhost:5237/checkin/v1/journeys/retrieve[0m
[0;34mHTTP/1.1 200     0.97 secs:     440 bytes ==> POST http://localhost:5237/checkin/v1/journeys/retrieve[0m
[0;34mHTTP/1.1 200     1.47 secs:     364 bytes ==> POST http://localhost:5237/checkin/v1/journeys/retrieve[0m
[0;31mHTTP/1.1 500     2.15 secs:     150 bytes ==> POST http://localhost:5237/checkin/v1/journeys/retrieve[0m
[0;34mHTTP/1.1 200     0.42 secs:     440 bytes ==> POST http://localhost:5237/checkin/v1/journeys/retrieve[0m
[0;34mHTTP/1.1 200     0.51 secs:     364 bytes ==> POST http://localhost:5237/checkin/v1/journeys/retrieve[0m
[0;31mHTTP/1.1 500     2.12 secs:     150 bytes ==> POST http://localhost:5237/checkin/v1/journeys/retrieve[0m
[0;31mHTTP/1.1 500     2.25 secs:     150 bytes ==> POST http://localhost:5237/checkin/v1/journeys/retrieve[0m
[0;34mHTTP/1.1 200     1.60 secs:     364 bytes ==> POST http://localhost:5237/checkin/v1/journeys/retrieve[0m
[0;34mHTTP/1.1 200     0.43 secs:     364 bytes ==> POST http://localhost:5237/checkin/v1/journeys/retrieve[0m
[0;34mHTTP/1.1 200     0.43 secs:     364 bytes ==> POST http://localhost:5237/checkin/v1/journeys/retrieve[0m
[0;34mHTTP/1.1 200     1.01 secs:     364 bytes ==> POST http://localhost:5237/checkin/v1/journeys/retrieve[0m
[0;34mHTTP/1.1 200     0.48 secs:     364 bytes ==> POST http://localhost:5237/checkin/v1/journeys/retrieve[0m
[0;31mHTTP/1.1 500     2.17 secs:     150 bytes ==> POST http://localhost:5237/checkin/v1/journeys/retrieve[0m
[0;31mHTTP/1.1 500     2.20 secs:     150 bytes ==> POST http://localhost:5237/checkin/v1/journeys/retrieve[0m
[0;31mHTTP/1.1 500     2.13 secs:     150 bytes ==> POST http://localhost:5237/checkin/v1/journeys/retrieve[0m
[0;34mHTTP/1.1 200     1.61 secs:     440 bytes ==> POST http://localhost:5237/checkin/v1/journeys/retrieve[0m
[0;34mHTTP/1.1 200     0.49 secs:     364 bytes ==> POST http://localhost:5237/checkin/v1/journeys/retrieve[0m
[0;31mHTTP/1.1 500     2.26 secs:     150 bytes ==> POST http://localhost:5237/checkin/v1/journeys/retrieve[0m
[0;31mHTTP/1.1 500     2.05 secs:     150 bytes ==> POST http://localhost:5237/checkin/v1/journeys/retrieve[0m
[0;34mHTTP/1.1 200     1.52 secs:     364 bytes ==> POST http://localhost:5237/checkin/v1/journeys/retrieve[0m
[0;31mHTTP/1.1 500     2.01 secs:     150 bytes ==> POST http://localhost:5237/checkin/v1/journeys/retrieve[0m
[0;34mHTTP/1.1 200     2.23 secs:     364 bytes ==> POST http://localhost:5237/checkin/v1/journeys/retrieve[0m
[0;34mHTTP/1.1 200     1.00 secs:     440 bytes ==> POST http://localhost:5237/checkin/v1/journeys/retrieve[0m
[0;34mHTTP/1.1 200     0.36 secs:     364 bytes ==> POST http://localhost:5237/checkin/v1/journeys/retrieve[0m
[0;34mHTTP/1.1 200     1.57 secs:     688 bytes ==> POST http://localhost:5237/checkin/v1/journeys/retrieve[0m
[0;31mHTTP/1.1 500     2.17 secs:     150 bytes ==> POST http://localhost:5237/checkin/v1/journeys/retrieve[0m
[0;31mHTTP/1.1 500     2.14 secs:     150 bytes ==> POST http://localhost:5237/checkin/v1/journeys/retrieve[0m
[0;34mHTTP/1.1 200     0.41 secs:     364 bytes ==> POST http://localhost:5237/checkin/v1/journeys/retrieve[0m
[0;31mHTTP/1.1 500     2.08 secs:     150 bytes ==> POST http://localhost:5237/checkin/v1/journeys/retrieve[0m
[0;31mHTTP/1.1 500     2.16 secs:     150 bytes ==> POST http://localhost:5237/checkin/v1/journeys/retrieve[0m
[0;34mHTTP/1.1 200     0.39 secs:     364 bytes ==> POST http://localhost:5237/checkin/v1/journeys/retrieve[0m
[0;34mHTTP/1.1 200     0.39 secs:     364 bytes ==> POST http://localhost:5237/checkin/v1/journeys/retrieve[0m
[0;34mHTTP/1.1 200     2.22 secs:     440 bytes ==> POST http://localhost:5237/checkin/v1/journeys/retrieve[0m
[0;34mHTTP/1.1 200     0.99 secs:     364 bytes ==> POST http://localhost:5237/checkin/v1/journeys/retrieve[0m
[0;31mHTTP/1.1 500     2.20 secs:     150 bytes ==> POST http://localhost:5237/checkin/v1/journeys/retrieve[0m
[0;34mHTTP/1.1 200     0.82 secs:     440 bytes ==> POST http://localhost:5237/checkin/v1/journeys/retrieve[0m
[0;34mHTTP/1.1 200     0.83 secs:     364 bytes ==> POST http://localhost:5237/checkin/v1/journeys/retrieve[0m
[0;34mHTTP/1.1 200     2.22 secs:     440 bytes ==> POST http://localhost:5237/checkin/v1/journeys/retrieve[0m
[0;34mHTTP/1.1 200     0.38 secs:     364 bytes ==> POST http://localhost:5237/checkin/v1/journeys/retrieve[0m
[0;34mHTTP/1.1 200     0.44 secs:     364 bytes ==> POST http://localhost:5237/checkin/v1/journeys/retrieve[0m
[0;31mHTTP/1.1 500     2.21 secs:     150 bytes ==> POST http://localhost:5237/checkin/v1/journeys/retrieve[0m
[0;34mHTTP/1.1 200     0.44 secs:     440 bytes ==> POST http://localhost:5237/checkin/v1/journeys/retrieve[0m
[0;34mHTTP/1.1 200     0.84 secs:     440 bytes ==> POST http://localhost:5237/checkin/v1/journeys/retrieve[0m
[0;34mHTTP/1.1 200     0.87 secs:     364 bytes ==> POST http://localhost:5237/checkin/v1/journeys/retrieve[0m
[0;31mHTTP/1.1 500     2.17 secs:     150 bytes ==> POST http://localhost:5237/checkin/v1/journeys/retrieve[0m
[0;34mHTTP/1.1 200     2.06 secs:     364 bytes ==> POST http://localhost:5237/checkin/v1/journeys/retrieve[0m
[0;34mHTTP/1.1 200     1.31 secs:     688 bytes ==> POST http://localhost:5237/checkin/v1/journeys/retrieve[0m
[0;34mHTTP/1.1 200     1.44 secs:     364 bytes ==> POST http://localhost:5237/checkin/v1/journeys/retrieve[0m
[0;31mHTTP/1.1 500     2.22 secs:     150 bytes ==> POST http://localhost:5237/checkin/v1/journeys/retrieve[0m
[0;34mHTTP/1.1 200     0.48 secs:     364 bytes ==> POST http://localhost:5237/checkin/v1/journeys/retrieve[0m
[0;31mHTTP/1.1 500     2.03 secs:     150 bytes ==> POST http://localhost:5237/checkin/v1/journeys/retrieve[0m
[0;34mHTTP/1.1 200     0.84 secs:     364 bytes ==> POST http://localhost:5237/checkin/v1/journeys/retrieve[0m
[0;34mHTTP/1.1 200     2.13 secs:     364 bytes ==> POST http://localhost:5237/checkin/v1/journeys/retrieve[0m
[0;31mHTTP/1.1 500     2.07 secs:     150 bytes ==> POST http://localhost:5237/checkin/v1/journeys/retrieve[0m
[0;34mHTTP/1.1 200     0.46 secs:     364 bytes ==> POST http://localhost:5237/checkin/v1/journeys/retrieve[0m
[0;31mHTTP/1.1 500     2.07 secs:     150 bytes ==> POST http://localhost:5237/checkin/v1/journeys/retrieve[0m
[0;34mHTTP/1.1 200     0.42 secs:     364 bytes ==> POST http://localhost:5237/checkin/v1/journeys/retrieve[0m
[0;31mHTTP/1.1 500     2.05 secs:     150 bytes ==> POST http://localhost:5237/checkin/v1/journeys/retrieve[0m
[0;34mHTTP/1.1 200     0.88 secs:     440 bytes ==> POST http://localhost:5237/checkin/v1/journeys/retrieve[0m
[0;31mHTTP/1.1 500     2.08 secs:     150 bytes ==> POST http://localhost:5237/checkin/v1/journeys/retrieve[0m
[0;34mHTTP/1.1 200     2.09 secs:     364 bytes ==> POST http://localhost:5237/checkin/v1/journeys/retrieve[0m
[0;34mHTTP/1.1 200     0.43 secs:     364 bytes ==> POST http://localhost:5237/checkin/v1/journeys/retrieve[0m
[0;34mHTTP/1.1 200     0.42 secs:     364 bytes ==> POST http://localhost:5237/checkin/v1/journeys/retrieve[0m
[0;34mHTTP/1.1 200     0.43 secs:     440 bytes ==> POST http://localhost:5237/checkin/v1/journeys/retrieve[0m
[0;31mHTTP/1.1 500     1.95 secs:     150 bytes ==> POST http://localhost:5237/checkin/v1/journeys/retrieve[0m
[0;34mHTTP/1.1 200     0.42 secs:     364 bytes ==> POST http://localhost:5237/checkin/v1/journeys/retrieve[0m
[0;34mHTTP/1.1 200     2.20 secs:     364 bytes ==> POST http://localhost:5237/checkin/v1/journeys/retrieve[0m
[0;31mHTTP/1.1 500     2.03 secs:     150 bytes ==> POST http://localhost:5237/checkin/v1/journeys/retrieve[0m
[0;34mHTTP/1.1 200     0.95 secs:     364 bytes ==> POST http://localhost:5237/checkin/v1/journeys/retrieve[0m
[0;31mHTTP/1.1 500     1.94 secs:     150 bytes ==> POST http://localhost:5237/checkin/v1/journeys/retrieve[0m
[0;34mHTTP/1.1 200     1.43 secs:     364 bytes ==> POST http://localhost:5237/checkin/v1/journeys/retrieve[0m
[0;31mHTTP/1.1 500     1.98 secs:     150 bytes ==> POST http://localhost:5237/checkin/v1/journeys/retrieve[0m
[0;34mHTTP/1.1 200     0.91 secs:     364 bytes ==> POST http://localhost:5237/checkin/v1/journeys/retrieve[0m
[0;34mHTTP/1.1 200     1.40 secs:     364 bytes ==> POST http://localhost:5237/checkin/v1/journeys/retrieve[0m
[0;31mHTTP/1.1 500     2.05 secs:     150 bytes ==> POST http://localhost:5237/checkin/v1/journeys/retrieve[0m
[0;31mHTTP/1.1 500     2.08 secs:     150 bytes ==> POST http://localhost:5237/checkin/v1/journeys/retrieve[0m
[0;34mHTTP/1.1 200     0.46 secs:     364 bytes ==> POST http://localhost:5237/checkin/v1/journeys/retrieve[0m
[0;34mHTTP/1.1 200     1.35 secs:     364 bytes ==> POST http://localhost:5237/checkin/v1/journeys/retrieve[0m
[0;31mHTTP/1.1 500     2.01 secs:     150 bytes ==> POST http://localhost:5237/checkin/v1/journeys/retrieve[0m
[0;31mHTTP/1.1 500     1.96 secs:     150 bytes ==> POST http://localhost:5237/checkin/v1/journeys/retrieve[0m
[0;31mHTTP/1.1 500     2.06 secs:     150 bytes ==> POST http://localhost:5237/checkin/v1/journeys/retrieve[0m
[0;34mHTTP/1.1 200     1.49 secs:     364 bytes ==> POST http://localhost:5237/checkin/v1/journeys/retrieve[0m
[0;31mHTTP/1.1 500     1.94 secs:     150 bytes ==> POST http://localhost:5237/checkin/v1/journeys/retrieve[0m
[0;34mHTTP/1.1 200     0.90 secs:     364 bytes ==> POST http://localhost:5237/checkin/v1/journeys/retrieve[0m
[0;31mHTTP/1.1 500     2.02 secs:     150 bytes ==> POST http://localhost:5237/checkin/v1/journeys/retrieve[0m
[0;31mHTTP/1.1 500     2.02 secs:     150 bytes ==> POST http://localhost:5237/checkin/v1/journeys/retrieve[0m
[0;34mHTTP/1.1 200     0.56 secs:     364 bytes ==> POST http://localhost:5237/checkin/v1/journeys/retrieve[0m
[0;31mHTTP/1.1 500     1.94 secs:     150 bytes ==> POST http://localhost:5237/checkin/v1/journeys/retrieve[0m
[0;34mHTTP/1.1 200     0.40 secs:     364 bytes ==> POST http://localhost:5237/checkin/v1/journeys/retrieve[0m
[0;31mHTTP/1.1 500     2.08 secs:     150 bytes ==> POST http://localhost:5237/checkin/v1/journeys/retrieve[0m
[0;34mHTTP/1.1 200     0.92 secs:     364 bytes ==> POST http://localhost:5237/checkin/v1/journeys/retrieve[0m
[0;34mHTTP/1.1 200     0.44 secs:     364 bytes ==> POST http://localhost:5237/checkin/v1/journeys/retrieve[0m
[0;34mHTTP/1.1 200     0.40 secs:     364 bytes ==> POST http://localhost:5237/checkin/v1/journeys/retrieve[0m
[0;34mHTTP/1.1 200     0.45 secs:     364 bytes ==> POST http://localhost:5237/checkin/v1/journeys/retrieve[0m
[0;31mHTTP/1.1 500     2.13 secs:     150 bytes ==> POST http://localhost:5237/checkin/v1/journeys/retrieve[0m
[0;34mHTTP/1.1 200     1.54 secs:     688 bytes ==> POST http://localhost:5237/checkin/v1/journeys/retrieve[0m
[0;31mHTTP/1.1 500     1.93 secs:     150 bytes ==> POST http://localhost:5237/checkin/v1/journeys/retrieve[0m
[0;34mHTTP/1.1 200     0.39 secs:     364 bytes ==> POST http://localhost:5237/checkin/v1/journeys/retrieve[0m
[0;34mHTTP/1.1 200     0.39 secs:     364 bytes ==> POST http://localhost:5237/checkin/v1/journeys/retrieve[0m
[0;34mHTTP/1.1 200     0.40 secs:     364 bytes ==> POST http://localhost:5237/checkin/v1/journeys/retrieve[0m
[0;34mHTTP/1.1 200     0.42 secs:     364 bytes ==> POST http://localhost:5237/checkin/v1/journeys/retrieve[0m
[0;34mHTTP/1.1 200     1.45 secs:     364 bytes ==> POST http://localhost:5237/checkin/v1/journeys/retrieve[0m
[0;34mHTTP/1.1 200     2.14 secs:     364 bytes ==> POST http://localhost:5237/checkin/v1/journeys/retrieve[0m
[0;34mHTTP/1.1 200     2.11 secs:     688 bytes ==> POST http://localhost:5237/checkin/v1/journeys/retrieve[0m
[0;31mHTTP/1.1 500     2.02 secs:     150 bytes ==> POST http://localhost:5237/checkin/v1/journeys/retrieve[0m
[0;34mHTTP/1.1 200     0.90 secs:     364 bytes ==> POST http://localhost:5237/checkin/v1/journeys/retrieve[0m
[0;34mHTTP/1.1 200     1.53 secs:     364 bytes ==> POST http://localhost:5237/checkin/v1/journeys/retrieve[0m
[0;31mHTTP/1.1 500     2.03 secs:     150 bytes ==> POST http://localhost:5237/checkin/v1/journeys/retrieve[0m
[0;34mHTTP/1.1 200     1.53 secs:     688 bytes ==> POST http://localhost:5237/checkin/v1/journeys/retrieve[0m
[0;31mHTTP/1.1 500     2.06 secs:     150 bytes ==> POST http://localhost:5237/checkin/v1/journeys/retrieve[0m
[0;34mHTTP/1.1 200     0.42 secs:     440 bytes ==> POST http://localhost:5237/checkin/v1/journeys/retrieve[0m
[0;34mHTTP/1.1 200     1.42 secs:     364 bytes ==> POST http://localhost:5237/checkin/v1/journeys/retrieve[0m
[0;34mHTTP/1.1 200     2.16 secs:     364 bytes ==> POST http://localhost:5237/checkin/v1/journeys/retrieve[0m
[0;31mHTTP/1.1 500     2.01 secs:     150 bytes ==> POST http://localhost:5237/checkin/v1/journeys/retrieve[0m
[0;34mHTTP/1.1 200     0.89 secs:     364 bytes ==> POST http://localhost:5237/checkin/v1/journeys/retrieve[0m
[0;31mHTTP/1.1 500     2.11 secs:     150 bytes ==> POST http://localhost:5237/checkin/v1/journeys/retrieve[0m
[0;34mHTTP/1.1 200     1.41 secs:     364 bytes ==> POST http://localhost:5237/checkin/v1/journeys/retrieve[0m
[0;34mHTTP/1.1 200     2.16 secs:     364 bytes ==> POST http://localhost:5237/checkin/v1/journeys/retrieve[0m
[0;34mHTTP/1.1 200     2.22 secs:     364 bytes ==> POST http://localhost:5237/checkin/v1/journeys/retrieve[0m
[0;34mHTTP/1.1 200     0.41 secs:     364 bytes ==> POST http://localhost:5237/checkin/v1/journeys/retrieve[0m
[0;34mHTTP/1.1 200     0.96 secs:     364 bytes ==> POST http://localhost:5237/checkin/v1/journeys/retrieve[0m
[0;31mHTTP/1.1 500     2.16 secs:     150 bytes ==> POST http://localhost:5237/checkin/v1/journeys/retrieve[0m
[0;34mHTTP/1.1 200     2.05 secs:     364 bytes ==> POST http://localhost:5237/checkin/v1/journeys/retrieve[0m
[0;31mHTTP/1.1 500     2.01 secs:     150 bytes ==> POST http://localhost:5237/checkin/v1/journeys/retrieve[0m
[0;31mHTTP/1.1 500     2.08 secs:     150 bytes ==> POST http://localhost:5237/checkin/v1/journeys/retrieve[0m
[0;34mHTTP/1.1 200     0.52 secs:     364 bytes ==> POST http://localhost:5237/checkin/v1/journeys/retrieve[0m
[0;31mHTTP/1.1 500     1.99 secs:     150 bytes ==> POST http://localhost:5237/checkin/v1/journeys/retrieve[0m
[0;31mHTTP/1.1 500     2.02 secs:     150 bytes ==> POST http://localhost:5237/checkin/v1/journeys/retrieve[0m
[0;34mHTTP/1.1 200     0.43 secs:     364 bytes ==> POST http://localhost:5237/checkin/v1/journeys/retrieve[0m
[0;31mHTTP/1.1 500     1.98 secs:     150 bytes ==> POST http://localhost:5237/checkin/v1/journeys/retrieve[0m
[0;34mHTTP/1.1 200     0.43 secs:     364 bytes ==> POST http://localhost:5237/checkin/v1/journeys/retrieve[0m
[0;31mHTTP/1.1 500     2.10 secs:     150 bytes ==> POST http://localhost:5237/checkin/v1/journeys/retrieve[0m
[0;34mHTTP/1.1 200     0.44 secs:     364 bytes ==> POST http://localhost:5237/checkin/v1/journeys/retrieve[0m
[0;31mHTTP/1.1 500     2.09 secs:     150 bytes ==> POST http://localhost:5237/checkin/v1/journeys/retrieve[0m
[0;34mHTTP/1.1 200     1.49 secs:     440 bytes ==> POST http://localhost:5237/checkin/v1/journeys/retrieve[0m
[0;34mHTTP/1.1 200     1.49 secs:     364 bytes ==> POST http://localhost:5237/checkin/v1/journeys/retrieve[0m
[0;31mHTTP/1.1 500     2.09 secs:     150 bytes ==> POST http://localhost:5237/checkin/v1/journeys/retrieve[0m
[0;34mHTTP/1.1 200     2.15 secs:     364 bytes ==> POST http://localhost:5237/checkin/v1/journeys/retrieve[0m
[0;31mHTTP/1.1 500     2.03 secs:     150 bytes ==> POST http://localhost:5237/checkin/v1/journeys/retrieve[0m
[0;34mHTTP/1.1 200     0.44 secs:     364 bytes ==> POST http://localhost:5237/checkin/v1/journeys/retrieve[0m
[0;34mHTTP/1.1 200     0.45 secs:     364 bytes ==> POST http://localhost:5237/checkin/v1/journeys/retrieve[0m
[0;31mHTTP/1.1 500     2.08 secs:     150 bytes ==> POST http://localhost:5237/checkin/v1/journeys/retrieve[0m
[0;34mHTTP/1.1 200     1.53 secs:     364 bytes ==> POST http://localhost:5237/checkin/v1/journeys/retrieve[0m
[0;34mHTTP/1.1 200     0.42 secs:     364 bytes ==> POST http://localhost:5237/checkin/v1/journeys/retrieve[0m
[0;31mHTTP/1.1 500     2.07 secs:     150 bytes ==> POST http://localhost:5237/checkin/v1/journeys/retrieve[0m
[0;34mHTTP/1.1 200     0.47 secs:     364 bytes ==> POST http://localhost:5237/checkin/v1/journeys/retrieve[0m
[0;31mHTTP/1.1 500     2.15 secs:     150 bytes ==> POST http://localhost:5237/checkin/v1/journeys/retrieve[0m
[0;34mHTTP/1.1 200     0.37 secs:     364 bytes ==> POST http://localhost:5237/checkin/v1/journeys/retrieve[0m
[0;34mHTTP/1.1 200     0.87 secs:     364 bytes ==> POST http://localhost:5237/checkin/v1/journeys/retrieve[0m
[0;34mHTTP/1.1 200     1.45 secs:     364 bytes ==> POST http://localhost:5237/checkin/v1/journeys/retrieve[0m
[0;34mHTTP/1.1 200     2.18 secs:     364 bytes ==> POST http://localhost:5237/checkin/v1/journeys/retrieve[0m
[0;34mHTTP/1.1 200     2.15 secs:     364 bytes ==> POST http://localhost:5237/checkin/v1/journeys/retrieve[0m
[0;34mHTTP/1.1 200     2.37 secs:     364 bytes ==> POST http://localhost:5237/checkin/v1/journeys/retrieve[0m
[0;31mHTTP/1.1 500     2.25 secs:     150 bytes ==> POST http://localhost:5237/checkin/v1/journeys/retrieve[0m
[0;34mHTTP/1.1 200     1.12 secs:     364 bytes ==> POST http://localhost:5237/checkin/v1/journeys/retrieve[0m
[0;34mHTTP/1.1 200     1.14 secs:     364 bytes ==> POST http://localhost:5237/checkin/v1/journeys/retrieve[0m
[0;31mHTTP/1.1 500     2.20 secs:     150 bytes ==> POST http://localhost:5237/checkin/v1/journeys/retrieve[0m
[0;31mHTTP/1.1 500     2.24 secs:     150 bytes ==> POST http://localhost:5237/checkin/v1/journeys/retrieve[0m
[0;34mHTTP/1.1 200     1.22 secs:     364 bytes ==> POST http://localhost:5237/checkin/v1/journeys/retrieve[0m
[0;31mHTTP/1.1 500     2.28 secs:     150 bytes ==> POST http://localhost:5237/checkin/v1/journeys/retrieve[0m
[0;31mHTTP/1.1 500     2.31 secs:     150 bytes ==> POST http://localhost:5237/checkin/v1/journeys/retrieve[0m
[0;34mHTTP/1.1 200     1.35 secs:     364 bytes ==> POST http://localhost:5237/checkin/v1/journeys/retrieve[0m
[0;31mHTTP/1.1 500     2.27 secs:     150 bytes ==> POST http://localhost:5237/checkin/v1/journeys/retrieve[0m
[0;31mHTTP/1.1 500     2.46 secs:     150 bytes ==> POST http://localhost:5237/checkin/v1/journeys/retrieve[0m
[0;34mHTTP/1.1 200     1.74 secs:     364 bytes ==> POST http://localhost:5237/checkin/v1/journeys/retrieve[0m
[0;34mHTTP/1.1 200     1.70 secs:     364 bytes ==> POST http://localhost:5237/checkin/v1/journeys/retrieve[0m
[0;31mHTTP/1.1 500     2.39 secs:     150 bytes ==> POST http://localhost:5237/checkin/v1/journeys/retrieve[0m
[0;34mHTTP/1.1 200     0.59 secs:     364 bytes ==> POST http://localhost:5237/checkin/v1/journeys/retrieve[0m
[0;31mHTTP/1.1 500     2.52 secs:     150 bytes ==> POST http://localhost:5237/checkin/v1/journeys/retrieve[0m
[0;31mHTTP/1.1 500     2.34 secs:     150 bytes ==> POST http://localhost:5237/checkin/v1/journeys/retrieve[0m
[0;31mHTTP/1.1 500     2.31 secs:     150 bytes ==> POST http://localhost:5237/checkin/v1/journeys/retrieve[0m
[0;34mHTTP/1.1 200     1.32 secs:     364 bytes ==> POST http://localhost:5237/checkin/v1/journeys/retrieve[0m
[0;34mHTTP/1.1 200     0.37 secs:     364 bytes ==> POST http://localhost:5237/checkin/v1/journeys/retrieve[0m
[0;34mHTTP/1.1 200     2.49 secs:     364 bytes ==> POST http://localhost:5237/checkin/v1/journeys/retrieve[0m
[0;34mHTTP/1.1 200     0.44 secs:     364 bytes ==> POST http://localhost:5237/checkin/v1/journeys/retrieve
Lifting the server siege...
Transactions:		      635    hits
Availability:		       73.33 %
Elapsed time:		       30.51 secs
Data transferred:	        0.28 MB
Response time:		     1872.69 ms
Transaction rate:	       20.81 trans/sec
Throughput:		        0.01 MB/sec
Concurrency:		       38.98
Successful transactions:      635
Failed transactions:	      231
Longest transaction:	     5590.00 ms
Shortest transaction:	      250.00 ms
 
LOG FILE: siege-requests.log
You can disable this log file notification by editing
/Users/Balakrishnan.x.Bala/.siege/siege.conf and changing 'show-logfile' to false.
[0m
[0;31mHTTP/1.1 500     2.29 secs:     150 bytes ==> POST http://localhost:5237/checkin/v1/journeys/retrieve[0m
[0;31mHTTP/1.1 500     2.18 secs:     150 bytes ==> POST http://localhost:5237/checkin/v1/journeys/retrieve[0m
[0;34mHTTP/1.1 200     0.57 secs:     364 bytes ==> POST http://localhost:5237/checkin/v1/journeys/retrieve[0m
[0;34mHTTP/1.1 200     1.18 secs:     364 bytes ==> POST http://localhost:5237/checkin/v1/journeys/retrieve[0m
[0;34mHTTP/1.1 200     0.36 secs:     440 bytes ==> POST http://localhost:5237/checkin/v1/journeys/retrieve[0m
[0;34mHTTP/1.1 200     0.36 secs:     364 bytes ==> POST http://localhost:5237/checkin/v1/journeys/retrieve[0m
[0;31mHTTP/1.1 500     2.30 secs:     150 bytes ==> POST http://localhost:5237/checkin/v1/journeys/retrieve[0m
[0;34mHTTP/1.1 200     2.50 secs:     364 bytes ==> POST http://localhost:5237/checkin/v1/journeys/retrieve[0m
[0;34mHTTP/1.1 200     0.35 secs:     440 bytes ==> POST http://localhost:5237/checkin/v1/journeys/retrieve[0m
[0;34mHTTP/1.1 200     1.83 secs:     440 bytes ==> POST http://localhost:5237/checkin/v1/journeys/retrieve[0m
[0;31mHTTP/1.1 500     2.40 secs:     150 bytes ==> POST http://localhost:5237/checkin/v1/journeys/retrieve[0m
[0;34mHTTP/1.1 200     1.02 secs:     364 bytes ==> POST http://localhost:5237/checkin/v1/journeys/retrieve[0m
[0;34mHTTP/1.1 200     1.72 secs:     364 bytes ==> POST http://localhost:5237/checkin/v1/journeys/retrieve[0m
[0;34mHTTP/1.1 200     0.84 secs:     364 bytes ==> POST http://localhost:5237/checkin/v1/journeys/retrieve[0m
[0;34mHTTP/1.1 200     0.84 secs:     364 bytes ==> POST http://localhost:5237/checkin/v1/journeys/retrieve[0m
[0;31mHTTP/1.1 500     2.24 secs:     150 bytes ==> POST http://localhost:5237/checkin/v1/journeys/retrieve[0m
[0;34mHTTP/1.1 200     0.40 secs:     364 bytes ==> POST http://localhost:5237/checkin/v1/journeys/retrieve[0m
[0;34mHTTP/1.1 200     0.84 secs:     364 bytes ==> POST http://localhost:5237/checkin/v1/journeys/retrieve[0m
[0;31mHTTP/1.1 500     2.32 secs:     150 bytes ==> POST http://localhost:5237/checkin/v1/journeys/retrieve[0m
[0;34mHTTP/1.1 200     0.97 secs:     440 bytes ==> POST http://localhost:5237/checkin/v1/journeys/retrieve[0m
[0;34mHTTP/1.1 200     0.28 secs:     364 bytes ==> POST http://localhost:5237/checkin/v1/journeys/retrieve[0m
[0;31mHTTP/1.1 500     2.24 secs:     150 bytes ==> POST http://localhost:5237/checkin/v1/journeys/retrieve[0m
[0;34mHTTP/1.1 200     1.84 secs:     440 bytes ==> POST http://localhost:5237/checkin/v1/journeys/retrieve[0m
[0;34mHTTP/1.1 200     2.23 secs:     364 bytes ==> POST http://localhost:5237/checkin/v1/journeys/retrieve[0m
[0;34mHTTP/1.1 200     1.51 secs:     688 bytes ==> POST http://localhost:5237/checkin/v1/journeys/retrieve[0m
[0;34mHTTP/1.1 200     0.79 secs:     364 bytes ==> POST http://localhost:5237/checkin/v1/journeys/retrieve[0m
[0;31mHTTP/1.1 500     2.39 secs:     150 bytes ==> POST http://localhost:5237/checkin/v1/journeys/retrieve[0m
[0;34mHTTP/1.1 200     2.15 secs:     364 bytes ==> POST http://localhost:5237/checkin/v1/journeys/retrieve[0m
[0;31mHTTP/1.1 500     2.33 secs:     150 bytes ==> POST http://localhost:5237/checkin/v1/journeys/retrieve[0m
[0;34mHTTP/1.1 200     2.38 secs:     364 bytes ==> POST http://localhost:5237/checkin/v1/journeys/retrieve[0m
[0;34mHTTP/1.1 200     1.32 secs:     364 bytes ==> POST http://localhost:5237/checkin/v1/journeys/retrieve[0m
[0;34mHTTP/1.1 200     0.37 secs:     364 bytes ==> POST http://localhost:5237/checkin/v1/journeys/retrieve[0m
[0;31mHTTP/1.1 500     2.30 secs:     150 bytes ==> POST http://localhost:5237/checkin/v1/journeys/retrieve[0m
[0;34mHTTP/1.1 200     0.41 secs:     364 bytes ==> POST http://localhost:5237/checkin/v1/journeys/retrieve[0m
[0;31mHTTP/1.1 500     2.36 secs:     150 bytes ==> POST http://localhost:5237/checkin/v1/journeys/retrieve[0m
[0;34mHTTP/1.1 200     0.86 secs:     364 bytes ==> POST http://localhost:5237/checkin/v1/journeys/retrieve[0m
[0;34mHTTP/1.1 200     2.28 secs:     364 bytes ==> POST http://localhost:5237/checkin/v1/journeys/retrieve[0m
[0;34mHTTP/1.1 200     0.41 secs:     364 bytes ==> POST http://localhost:5237/checkin/v1/journeys/retrieve[0m
[0;31mHTTP/1.1 500     2.19 secs:     150 bytes ==> POST http://localhost:5237/checkin/v1/journeys/retrieve[0m
[0;31mHTTP/1.1 500     2.07 secs:     150 bytes ==> POST http://localhost:5237/checkin/v1/journeys/retrieve[0m
[0;34mHTTP/1.1 200     1.19 secs:     364 bytes ==> POST http://localhost:5237/checkin/v1/journeys/retrieve[0m
[0;34mHTTP/1.1 200     2.19 secs:     364 bytes ==> POST http://localhost:5237/checkin/v1/journeys/retrieve[0m
[0;34mHTTP/1.1 200     0.37 secs:     364 bytes ==> POST http://localhost:5237/checkin/v1/journeys/retrieve[0m
[0;34mHTTP/1.1 200     0.34 secs:     364 bytes ==> POST http://localhost:5237/checkin/v1/journeys/retrieve[0m
[0;34mHTTP/1.1 200     0.83 secs:     364 bytes ==> POST http://localhost:5237/checkin/v1/journeys/retrieve[0m
[0;31mHTTP/1.1 500     2.12 secs:     150 bytes ==> POST http://localhost:5237/checkin/v1/journeys/retrieve[0m
[0;31mHTTP/1.1 500     2.12 secs:     150 bytes ==> POST http://localhost:5237/checkin/v1/journeys/retrieve[0m
[0;34mHTTP/1.1 200     1.37 secs:     364 bytes ==> POST http://localhost:5237/checkin/v1/journeys/retrieve[0m
[0;34mHTTP/1.1 200     1.28 secs:     688 bytes ==> POST http://localhost:5237/checkin/v1/journeys/retrieve[0m
[0;34mHTTP/1.1 200     1.25 secs:     364 bytes ==> POST http://localhost:5237/checkin/v1/journeys/retrieve[0m
[0;34mHTTP/1.1 200     0.82 secs:     364 bytes ==> POST http://localhost:5237/checkin/v1/journeys/retrieve[0m
[0;34mHTTP/1.1 200     0.78 secs:     364 bytes ==> POST http://localhost:5237/checkin/v1/journeys/retrieve[0m
[0;34mHTTP/1.1 200     1.27 secs:     364 bytes ==> POST http://localhost:5237/checkin/v1/journeys/retrieve[0m
[0;34mHTTP/1.1 200     1.88 secs:     364 bytes ==> POST http://localhost:5237/checkin/v1/journeys/retrieve[0m
[0;34mHTTP/1.1 200     0.37 secs:     440 bytes ==> POST http://localhost:5237/checkin/v1/journeys/retrieve[0m
[0;34mHTTP/1.1 200     0.76 secs:     688 bytes ==> POST http://localhost:5237/checkin/v1/journeys/retrieve[0m
[0;31mHTTP/1.1 500     1.90 secs:     150 bytes ==> POST http://localhost:5237/checkin/v1/journeys/retrieve[0m
[0;34mHTTP/1.1 200     1.82 secs:     364 bytes ==> POST http://localhost:5237/checkin/v1/journeys/retrieve[0m
[0;34mHTTP/1.1 200     1.27 secs:     364 bytes ==> POST http://localhost:5237/checkin/v1/journeys/retrieve[0m
[0;34mHTTP/1.1 200     0.33 secs:     364 bytes ==> POST http://localhost:5237/checkin/v1/journeys/retrieve[0m
[0;34mHTTP/1.1 200     0.31 secs:     440 bytes ==> POST http://localhost:5237/checkin/v1/journeys/retrieve[0m
[0;34mHTTP/1.1 200     0.37 secs:     440 bytes ==> POST http://localhost:5237/checkin/v1/journeys/retrieve[0m
[0;34mHTTP/1.1 200     0.80 secs:     440 bytes ==> POST http://localhost:5237/checkin/v1/journeys/retrieve[0m
[0;31mHTTP/1.1 500     1.82 secs:     150 bytes ==> POST http://localhost:5237/checkin/v1/journeys/retrieve[0m
[0;34mHTTP/1.1 200     0.80 secs:     364 bytes ==> POST http://localhost:5237/checkin/v1/journeys/retrieve[0m
[0;34mHTTP/1.1 200     0.45 secs:     364 bytes ==> POST http://localhost:5237/checkin/v1/journeys/retrieve[0m
[0;34mHTTP/1.1 200     0.35 secs:     364 bytes ==> POST http://localhost:5237/checkin/v1/journeys/retrieve[0m
[0;34mHTTP/1.1 200     0.40 secs:     364 bytes ==> POST http://localhost:5237/checkin/v1/journeys/retrieve[0m
[0;34mHTTP/1.1 200     0.73 secs:     364 bytes ==> POST http://localhost:5237/checkin/v1/journeys/retrieve[0m
[0;34mHTTP/1.1 200     0.35 secs:     364 bytes ==> POST http://localhost:5237/checkin/v1/journeys/retrieve[0m
[0;31mHTTP/1.1 500     1.92 secs:     150 bytes ==> POST http://localhost:5237/checkin/v1/journeys/retrieve[0m
[0;31mHTTP/1.1 500     1.90 secs:     150 bytes ==> POST http://localhost:5237/checkin/v1/journeys/retrieve[0m
[0;34mHTTP/1.1 200     0.85 secs:     364 bytes ==> POST http://localhost:5237/checkin/v1/journeys/retrieve[0m
[0;34mHTTP/1.1 200     0.39 secs:     364 bytes ==> POST http://localhost:5237/checkin/v1/journeys/retrieve[0m
[0;34mHTTP/1.1 200     1.36 secs:     688 bytes ==> POST http://localhost:5237/checkin/v1/journeys/retrieve[0m
[0;34mHTTP/1.1 200     0.42 secs:     364 bytes ==> POST http://localhost:5237/checkin/v1/journeys/retrieve[0m
[0;34mHTTP/1.1 200     1.37 secs:     364 bytes ==> POST http://localhost:5237/checkin/v1/journeys/retrieve[0m
[0;34mHTTP/1.1 200     1.80 secs:     364 bytes ==> POST http://localhost:5237/checkin/v1/journeys/retrieve[0m
[0;31mHTTP/1.1 500     1.92 secs:     150 bytes ==> POST http://localhost:5237/checkin/v1/journeys/retrieve[0m
[0;31mHTTP/1.1 500     1.88 secs:     150 bytes ==> POST http://localhost:5237/checkin/v1/journeys/retrieve[0m
[0;34mHTTP/1.1 200     0.75 secs:     364 bytes ==> POST http://localhost:5237/checkin/v1/journeys/retrieve[0m
[0;31mHTTP/1.1 500     1.91 secs:     150 bytes ==> POST http://localhost:5237/checkin/v1/journeys/retrieve[0m
[0;31mHTTP/1.1 500     1.77 secs:     150 bytes ==> POST http://localhost:5237/checkin/v1/journeys/retrieve[0m
[0;34mHTTP/1.1 200     0.36 secs:     440 bytes ==> POST http://localhost:5237/checkin/v1/journeys/retrieve[0m
[0;34mHTTP/1.1 200     0.37 secs:     364 bytes ==> POST http://localhost:5237/checkin/v1/journeys/retrieve[0m
[0;34mHTTP/1.1 200     1.91 secs:     364 bytes ==> POST http://localhost:5237/checkin/v1/journeys/retrieve[0m
[0;34mHTTP/1.1 200     1.22 secs:     364 bytes ==> POST http://localhost:5237/checkin/v1/journeys/retrieve[0m
[0;31mHTTP/1.1 500     1.91 secs:     150 bytes ==> POST http://localhost:5237/checkin/v1/journeys/retrieve[0m
[0;34mHTTP/1.1 200     0.80 secs:     364 bytes ==> POST http://localhost:5237/checkin/v1/journeys/retrieve[0m
[0;31mHTTP/1.1 500     1.79 secs:     150 bytes ==> POST http://localhost:5237/checkin/v1/journeys/retrieve[0m
[0;34mHTTP/1.1 200     0.28 secs:     364 bytes ==> POST http://localhost:5237/checkin/v1/journeys/retrieve[0m
[0;31mHTTP/1.1 500     1.91 secs:     150 bytes ==> POST http://localhost:5237/checkin/v1/journeys/retrieve[0m
[0;34mHTTP/1.1 200     1.85 secs:     440 bytes ==> POST http://localhost:5237/checkin/v1/journeys/retrieve[0m
[0;34mHTTP/1.1 200     0.34 secs:     364 bytes ==> POST http://localhost:5237/checkin/v1/journeys/retrieve[0m
[0;34mHTTP/1.1 200     0.77 secs:     364 bytes ==> POST http://localhost:5237/checkin/v1/journeys/retrieve[0m
[0;34mHTTP/1.1 200     1.31 secs:     364 bytes ==> POST http://localhost:5237/checkin/v1/journeys/retrieve[0m
[0;34mHTTP/1.1 200     1.43 secs:     688 bytes ==> POST http://localhost:5237/checkin/v1/journeys/retrieve[0m
[0;34mHTTP/1.1 200     0.77 secs:     364 bytes ==> POST http://localhost:5237/checkin/v1/journeys/retrieve[0m
[0;34mHTTP/1.1 200     0.34 secs:     364 bytes ==> POST http://localhost:5237/checkin/v1/journeys/retrieve[0m
[0;34mHTTP/1.1 200     0.38 secs:     364 bytes ==> POST http://localhost:5237/checkin/v1/journeys/retrieve[0m
[0;34mHTTP/1.1 200     0.76 secs:     440 bytes ==> POST http://localhost:5237/checkin/v1/journeys/retrieve[0m
[0;34mHTTP/1.1 200     0.39 secs:     364 bytes ==> POST http://localhost:5237/checkin/v1/journeys/retrieve[0m
[0;31mHTTP/1.1 500     1.98 secs:     150 bytes ==> POST http://localhost:5237/checkin/v1/journeys/retrieve[0m
[0;31mHTTP/1.1 500     1.87 secs:     150 bytes ==> POST http://localhost:5237/checkin/v1/journeys/retrieve[0m
[0;34mHTTP/1.1 200     0.82 secs:     440 bytes ==> POST http://localhost:5237/checkin/v1/journeys/retrieve[0m
[0;31mHTTP/1.1 500     1.82 secs:     150 bytes ==> POST http://localhost:5237/checkin/v1/journeys/retrieve[0m
[0;34mHTTP/1.1 200     1.29 secs:     440 bytes ==> POST http://localhost:5237/checkin/v1/journeys/retrieve[0m
[0;34mHTTP/1.1 200     0.75 secs:     440 bytes ==> POST http://localhost:5237/checkin/v1/journeys/retrieve[0m
[0;34mHTTP/1.1 200     1.88 secs:     364 bytes ==> POST http://localhost:5237/checkin/v1/journeys/retrieve[0m
[0;34mHTTP/1.1 200     1.32 secs:     440 bytes ==> POST http://localhost:5237/checkin/v1/journeys/retrieve[0m
[0;34mHTTP/1.1 200     0.45 secs:     364 bytes ==> POST http://localhost:5237/checkin/v1/journeys/retrieve[0m
[0;34mHTTP/1.1 200     0.93 secs:     440 bytes ==> POST http://localhost:5237/checkin/v1/journeys/retrieve[0m
[0;34mHTTP/1.1 200     0.47 secs:     364 bytes ==> POST http://localhost:5237/checkin/v1/journeys/retrieve[0m
[0;34mHTTP/1.1 200     0.91 secs:     364 bytes ==> POST http://localhost:5237/checkin/v1/journeys/retrieve[0m
[0;34mHTTP/1.1 200     0.44 secs:     688 bytes ==> POST http://localhost:5237/checkin/v1/journeys/retrieve[0m
[0;34mHTTP/1.1 200     0.45 secs:     364 bytes ==> POST http://localhost:5237/checkin/v1/journeys/retrieve[0m
[0;34mHTTP/1.1 200     2.02 secs:     364 bytes ==> POST http://localhost:5237/checkin/v1/journeys/retrieve[0m
[0;34mHTTP/1.1 200     0.41 secs:     364 bytes ==> POST http://localhost:5237/checkin/v1/journeys/retrieve[0m
[0;34mHTTP/1.1 200     1.25 secs:     364 bytes ==> POST http://localhost:5237/checkin/v1/journeys/retrieve[0m
[0;34mHTTP/1.1 200     1.31 secs:     364 bytes ==> POST http://localhost:5237/checkin/v1/journeys/retrieve[0m
[0;31mHTTP/1.1 500     1.92 secs:     150 bytes ==> POST http://localhost:5237/checkin/v1/journeys/retrieve[0m
[0;34mHTTP/1.1 200     1.96 secs:     440 bytes ==> POST http://localhost:5237/checkin/v1/journeys/retrieve[0m
[0;34mHTTP/1.1 200     0.88 secs:     364 bytes ==> POST http://localhost:5237/checkin/v1/journeys/retrieve[0m
[0;34mHTTP/1.1 200     1.92 secs:     364 bytes ==> POST http://localhost:5237/checkin/v1/journeys/retrieve[0m
[0;31mHTTP/1.1 500     1.98 secs:     150 bytes ==> POST http://localhost:5237/checkin/v1/journeys/retrieve[0m
[0;34mHTTP/1.1 200     0.97 secs:     364 bytes ==> POST http://localhost:5237/checkin/v1/journeys/retrieve[0m
[0;34mHTTP/1.1 200     0.44 secs:     364 bytes ==> POST http://localhost:5237/checkin/v1/journeys/retrieve[0m
[0;31mHTTP/1.1 500     1.89 secs:     150 bytes ==> POST http://localhost:5237/checkin/v1/journeys/retrieve[0m
[0;31mHTTP/1.1 500     2.00 secs:     150 bytes ==> POST http://localhost:5237/checkin/v1/journeys/retrieve[0m
[0;34mHTTP/1.1 200     0.36 secs:     440 bytes ==> POST http://localhost:5237/checkin/v1/journeys/retrieve[0m
[0;34mHTTP/1.1 200     0.36 secs:     364 bytes ==> POST http://localhost:5237/checkin/v1/journeys/retrieve[0m
[0;31mHTTP/1.1 500     1.93 secs:     150 bytes ==> POST http://localhost:5237/checkin/v1/journeys/retrieve[0m
[0;34mHTTP/1.1 200     2.11 secs:     688 bytes ==> POST http://localhost:5237/checkin/v1/journeys/retrieve[0m
[0;34mHTTP/1.1 200     0.80 secs:     364 bytes ==> POST http://localhost:5237/checkin/v1/journeys/retrieve[0m
[0;31mHTTP/1.1 500     2.02 secs:     150 bytes ==> POST http://localhost:5237/checkin/v1/journeys/retrieve[0m
[0;31mHTTP/1.1 500     1.86 secs:     150 bytes ==> POST http://localhost:5237/checkin/v1/journeys/retrieve[0m
[0;31mHTTP/1.1 500     1.89 secs:     150 bytes ==> POST http://localhost:5237/checkin/v1/journeys/retrieve[0m
[0;31mHTTP/1.1 500     2.08 secs:     150 bytes ==> POST http://localhost:5237/checkin/v1/journeys/retrieve[0m
[0;31mHTTP/1.1 500     1.88 secs:     150 bytes ==> POST http://localhost:5237/checkin/v1/journeys/retrieve[0m
[0;34mHTTP/1.1 200     0.43 secs:     688 bytes ==> POST http://localhost:5237/checkin/v1/journeys/retrieve[0m
[0;34mHTTP/1.1 200     0.37 secs:     364 bytes ==> POST http://localhost:5237/checkin/v1/journeys/retrieve[0m
